加载数据...
  数据: 352天  V7.2仓位: 335天

====================================================================================================
  ① S3-R1-C6 + S5-R2-C6 (原推荐D)
====================================================================================================

  【R1: S3-R1-C6】
  全周期: 收益 +59.63%  回撤 7.86%  末值 159,625
  2025年: +26.46%  2026年: +26.23%  全周期胜率 64.5%  盈亏比 3.99  2026胜率 75.0%  盈亏比 3.53
  2025月度: -0.04% / +10.77% / +0.11% / +0.97% / -0.37% / +1.93% / +6.11% / +9.64% / -2.80% / -2.16% / -1.63% / +2.22%
  2026月度: +8.90% / +3.97% / +5.01% / +3.78% / +6.14% / -3.61%

  【R2: S5-R2-C6】
  全周期: 收益 +78.30%  回撤 5.51%  末值 178,302
  2025年: +42.13%  2026年: +25.45%  全周期胜率 68.9%  盈亏比 4.31  2026胜率 66.7%  盈亏比 3.71
  2025月度: -0.11% / +10.12% / +0.93% / +1.49% / +1.55% / +1.79% / +7.13% / +10.90% / +4.05% / -2.07% / -0.95% / +1.77%
  2026月度: +10.08% / -0.89% / +1.98% / +4.87% / +6.40% / +1.05%

  【组合 35%R1 + 65%R2 · 2026】
  起点 100,000  终点 171,765  累计 +71.77%
  最大月回撤 +0.52%  正收益月 5/6
  月度: +49.90% / +0.67% / +2.98% / +4.50% / +6.31% / -0.52%

====================================================================================================
  ② S3-R1-C6 + S5-R2-C7 (新提议)
====================================================================================================

  【R1: S3-R1-C6】
  全周期: 收益 +59.63%  回撤 7.86%  末值 159,625
  2025年: +26.46%  2026年: +26.23%  全周期胜率 64.5%  盈亏比 3.99  2026胜率 75.0%  盈亏比 3.53
  2025月度: -0.04% / +10.77% / +0.11% / +0.97% / -0.37% / +1.93% / +6.11% / +9.64% / -2.80% / -2.16% / -1.63% / +2.22%
  2026月度: +8.90% / +3.97% / +5.01% / +3.78% / +6.14% / -3.61%

  【R2: S5-R2-C7】
  全周期: 收益 +76.49%  回撤 5.41%  末值 176,488
  2025年: +35.12%  2026年: +30.61%  全周期胜率 67.9%  盈亏比 5.51  2026胜率 60.0%  盈亏比 3.99
  2025月度: -1.06% / +8.93% / +1.33% / +0.10% / +1.19% / +0.18% / +6.72% / +10.61% / +3.25% / +0.02% / -0.90% / +0.92%
  2026月度: +7.71% / -0.45% / +2.89% / +11.10% / +6.79% / -0.21%

  【组合 35%R1 + 65%R2 · 2026】
  起点 100,000  终点 170,586  累计 +70.59%
  最大月回撤 +1.35%  正收益月 5/6
  月度: +42.80% / +1.04% / +3.63% / +8.52% / +6.57% / -1.35%

====================================================================================================
  ③ S3-R1-C7 + S5-R2-C6 (高频+短持仓R2)
====================================================================================================

  【R1: S3-R1-C7】
  全周期: 收益 +65.94%  回撤 6.76%  末值 165,939
  2025年: +42.85%  2026年: +16.17%  全周期胜率 70.0%  盈亏比 3.20  2026胜率 70.0%  盈亏比 2.34
  2025月度: -0.91% / +9.78% / +1.22% / +3.50% / -2.14% / +1.77% / +6.02% / +14.15% / +6.63% / -2.73% / -1.76% / +2.07%
  2026月度: +9.49% / -0.99% / +0.35% / +4.71% / +6.84% / -4.55%

  【R2: S5-R2-C6】
  全周期: 收益 +78.30%  回撤 5.51%  末值 178,302
  2025年: +42.13%  2026年: +25.45%  全周期胜率 68.9%  盈亏比 4.31  2026胜率 66.7%  盈亏比 3.71
  2025月度: -0.11% / +10.12% / +0.93% / +1.49% / +1.55% / +1.79% / +7.13% / +10.90% / +4.05% / -2.07% / -0.95% / +1.77%
  2026月度: +10.08% / -0.89% / +1.98% / +4.87% / +6.40% / +1.05%

  【组合 35%R1 + 65%R2 · 2026】
  起点 100,000  终点 173,975  累计 +73.97%
  最大月回撤 +0.93%  正收益月 4/6
  月度: +56.44% / -0.93% / +1.41% / +4.82% / +6.55% / -0.89%

====================================================================================================
  ④ S3-R1-C7 + S5-R2-C7 (高频+长持仓R2)
====================================================================================================

  【R1: S3-R1-C7】
  全周期: 收益 +65.94%  回撤 6.76%  末值 165,939
  2025年: +42.85%  2026年: +16.17%  全周期胜率 70.0%  盈亏比 3.20  2026胜率 70.0%  盈亏比 2.34
  2025月度: -0.91% / +9.78% / +1.22% / +3.50% / -2.14% / +1.77% / +6.02% / +14.15% / +6.63% / -2.73% / -1.76% / +2.07%
  2026月度: +9.49% / -0.99% / +0.35% / +4.71% / +6.84% / -4.55%

  【R2: S5-R2-C7】
  全周期: 收益 +76.49%  回撤 5.41%  末值 176,488
  2025年: +35.12%  2026年: +30.61%  全周期胜率 67.9%  盈亏比 5.51  2026胜率 60.0%  盈亏比 3.99
  2025月度: -1.06% / +8.93% / +1.33% / +0.10% / +1.19% / +0.18% / +6.72% / +10.61% / +3.25% / +0.02% / -0.90% / +0.92%
  2026月度: +7.71% / -0.45% / +2.89% / +11.10% / +6.79% / -0.21%

  【组合 35%R1 + 65%R2 · 2026】
  起点 100,000  终点 172,796  累计 +72.80%
  最大月回撤 +1.71%  正收益月 4/6
  月度: +49.34% / -0.65% / +1.96% / +8.80% / +6.81% / -1.71%



========================================================================================================================
  4 候选组合 对比 · 35%R1+65%R2 加权 + V7.2 仓位
========================================================================================================================
组合                             R1 配置      R2 配置          R1全周期     R2全周期    R1回撤    R2回撤     组合2026      最大月回撤     正收益月     收益/回撤比
------------------------------------------------------------------------------------------------------------------------
① S3-R1-C6 + S5-R2-C6 (原推荐D)   S3-R1-C6   S5-R2-C6     +59.63%   +78.30%   7.86%   5.51%    +71.77%     +0.52%       5/6     139.3
② S3-R1-C6 + S5-R2-C7 (新提议)    S3-R1-C6   S5-R2-C7     +59.63%   +76.49%   7.86%   5.41%    +70.59%     +1.35%       5/6      52.2
③ S3-R1-C7 + S5-R2-C6 (高频+短持仓R2) S3-R1-C7   S5-R2-C6     +65.94%   +78.30%   6.76%   5.51%    +73.97%     +0.93%       4/6      79.9
④ S3-R1-C7 + S5-R2-C7 (高频+长持仓R2) S3-R1-C7   S5-R2-C7     +65.94%   +76.49%   6.76%   5.41%    +72.80%     +1.71%       4/6      42.5

  评分:
组合                                收益    回撤    比值     正收益月    总分 推荐
----------------------------------------------------------------------------------------------------
① S3-R1-C6 + S5-R2-C6 (原推荐D)      5★    4★    5★     4★(5/6)   18★ ⭐⭐
② S3-R1-C6 + S5-R2-C7 (新提议)       5★    3★    4★     4★(5/6)   16★ ⭐
③ S3-R1-C7 + S5-R2-C6 (高频+短持仓R2)    5★    4★    4★     3★(4/6)   16★ ⭐
④ S3-R1-C7 + S5-R2-C7 (高频+长持仓R2)    5★    2★    3★     3★(4/6)   13★ 

  🏆 排名:
    1. ① S3-R1-C6 + S5-R2-C6 (原推荐D)   总分 18★
    2. ② S3-R1-C6 + S5-R2-C7 (新提议)    总分 16★
    3. ③ S3-R1-C7 + S5-R2-C6 (高频+短持仓R2) 总分 16★
    4. ④ S3-R1-C7 + S5-R2-C7 (高频+长持仓R2) 总分 13★
