加载数据...
  数据: 352天  V7.2仓位: 335天
  起始: 2025-01-02  结束: 2026-06-18

>>> V7.2 仓位分布 (335天):
  1成: 22天 (6.6%)
  2成: 9天 (2.7%)
  3成: 60天 (17.9%)
  4成: 18天 (5.4%)
  5成: 17天 (5.1%)
  6成: 40天 (11.9%)
  7成: 30天 (9.0%)
  8成: 9天 (2.7%)
  9成: 8天 (2.4%)
  10成: 122天 (36.4%)
  仓位均值: 65.4%

====================================================================================================
  A 跨池双C7  R1: S3-R1-C7  +  R2: S5-R2-C7
====================================================================================================

  【R1: S3-R1-C7】 单策略指标
  全周期: 收益 +65.94%  回撤 6.76%  末值 165,939
  2025年: 收益 +42.85%  最大月回撤 4.45%  正收益月 8/12
          月度: -0.91% / +9.78% / +1.22% / +3.50% / -2.14% / +1.77% / +6.02% / +14.15% / +6.63% / -2.73% / -1.76% / +2.07%
  2026年: 收益 +16.17%  最大月回撤 4.55%  正收益月 4/6
          月度: +9.49% / -0.99% / +0.35% / +4.71% / +6.84% / -4.55%
  全周期交易: 买入 30次  卖出 30次  胜率 70.0%  盈亏比 3.20  平均持仓 18天
  2025交易: 胜率 70.0%  盈亏比 4.80  交易 20次
  2026交易: 胜率 70.0%  盈亏比 2.34  交易 10次

  【R2: S5-R2-C7】 单策略指标
  全周期: 收益 +76.49%  回撤 5.41%  末值 176,488
  2025年: 收益 +35.12%  最大月回撤 1.06%  正收益月 10/12
          月度: -1.06% / +8.93% / +1.33% / +0.10% / +1.19% / +0.18% / +6.72% / +10.61% / +3.25% / +0.02% / -0.90% / +0.92%
  2026年: 收益 +30.61%  最大月回撤 0.45%  正收益月 4/6
          月度: +7.71% / -0.45% / +2.89% / +11.10% / +6.79% / -0.21%
  全周期交易: 买入 53次  卖出 53次  胜率 67.9%  盈亏比 5.51  平均持仓 20天
  2025交易: 胜率 72.7%  盈亏比 9.52  交易 33次
  2026交易: 胜率 60.0%  盈亏比 3.99  交易 20次

  【组合 35%R1 + 65%R2】
  2026 起点: 100,000  2026 终点: 172,796  累计: +72.80%
  2026 最大月回撤: +1.71%  正收益月: 4/6
  2026 月度: +49.34% / -0.65% / +1.96% / +8.80% / +6.81% / -1.71%

====================================================================================================
  B S7+S5 C7  R1: S7-R1-C7  +  R2: S5-R2-C7
====================================================================================================

  【R1: S7-R1-C7】 单策略指标
  全周期: 收益 +54.63%  回撤 6.76%  末值 154,632
  2025年: 收益 +33.11%  最大月回撤 3.51%  正收益月 9/12
          月度: -0.91% / +9.78% / +1.41% / +0.81% / +2.34% / +0.85% / +5.04% / +10.20% / +1.68% / -1.78% / -1.76% / +2.13%
  2026年: 收益 +16.17%  最大月回撤 4.55%  正收益月 4/6
          月度: +9.49% / -0.99% / +0.35% / +4.71% / +6.86% / -4.55%
  全周期交易: 买入 29次  卖出 29次  胜率 72.4%  盈亏比 3.54  平均持仓 18天
  2025交易: 胜率 75.0%  盈亏比 6.17  交易 20次
  2026交易: 胜率 66.7%  盈亏比 2.32  交易 9次

  【R2: S5-R2-C7】 单策略指标
  全周期: 收益 +76.49%  回撤 5.41%  末值 176,488
  2025年: 收益 +35.12%  最大月回撤 1.06%  正收益月 10/12
          月度: -1.06% / +8.93% / +1.33% / +0.10% / +1.19% / +0.18% / +6.72% / +10.61% / +3.25% / +0.02% / -0.90% / +0.92%
  2026年: 收益 +30.61%  最大月回撤 0.45%  正收益月 4/6
          月度: +7.71% / -0.45% / +2.89% / +11.10% / +6.79% / -0.21%
  全周期交易: 买入 53次  卖出 53次  胜率 67.9%  盈亏比 5.51  平均持仓 20天
  2025交易: 胜率 72.7%  盈亏比 9.52  交易 33次
  2026交易: 胜率 60.0%  盈亏比 3.99  交易 20次

  【组合 35%R1 + 65%R2】
  2026 起点: 100,000  2026 终点: 168,838  累计: +68.84%
  2026 最大月回撤: +1.64%  正收益月: 4/6
  2026 月度: +45.61% / -0.64% / +2.00% / +8.90% / +6.81% / -1.64%

====================================================================================================
  C 同S3 C7  R1: S3-R1-C7  +  R2: S3-R2-C7
====================================================================================================

  【R1: S3-R1-C7】 单策略指标
  全周期: 收益 +65.94%  回撤 6.76%  末值 165,939
  2025年: 收益 +42.85%  最大月回撤 4.45%  正收益月 8/12
          月度: -0.91% / +9.78% / +1.22% / +3.50% / -2.14% / +1.77% / +6.02% / +14.15% / +6.63% / -2.73% / -1.76% / +2.07%
  2026年: 收益 +16.17%  最大月回撤 4.55%  正收益月 4/6
          月度: +9.49% / -0.99% / +0.35% / +4.71% / +6.84% / -4.55%
  全周期交易: 买入 30次  卖出 30次  胜率 70.0%  盈亏比 3.20  平均持仓 18天
  2025交易: 胜率 70.0%  盈亏比 4.80  交易 20次
  2026交易: 胜率 70.0%  盈亏比 2.34  交易 10次

  【R2: S3-R2-C7】 单策略指标
  全周期: 收益 +55.11%  回撤 6.55%  末值 155,105
  2025年: 收益 +37.06%  最大月回撤 2.95%  正收益月 9/12
          月度: +1.22% / +6.15% / +0.59% / +3.33% / -1.23% / +1.79% / +7.26% / +11.49% / +4.21% / -2.11% / -0.86% / +0.93%
  2026年: 收益 +13.16%  最大月回撤 0.55%  正收益月 4/6
          月度: +1.33% / +0.14% / -0.55% / +7.72% / +4.36% / -0.25%
  全周期交易: 买入 52次  卖出 52次  胜率 59.6%  盈亏比 5.50  平均持仓 20天
  2025交易: 胜率 65.6%  盈亏比 7.70  交易 32次
  2026交易: 胜率 50.0%  盈亏比 3.89  交易 20次

  【组合 35%R1 + 65%R2】
  2026 起点: 100,000  2026 终点: 158,897  累计: +58.90%
  2026 最大月回撤: +1.87%  正收益月: 3/6
  2026 月度: +45.02% / -0.29% / -0.21% / +6.59% / +5.28% / -1.87%

====================================================================================================
  D 跨池双C6  R1: S3-R1-C6  +  R2: S5-R2-C6
====================================================================================================

  【R1: S3-R1-C6】 单策略指标
  全周期: 收益 +59.63%  回撤 7.86%  末值 159,625
  2025年: 收益 +26.46%  最大月回撤 6.45%  正收益月 7/12
          月度: -0.04% / +10.77% / +0.11% / +0.97% / -0.37% / +1.93% / +6.11% / +9.64% / -2.80% / -2.16% / -1.63% / +2.22%
  2026年: 收益 +26.23%  最大月回撤 3.61%  正收益月 5/6
          月度: +8.90% / +3.97% / +5.01% / +3.78% / +6.14% / -3.61%
  全周期交易: 买入 31次  卖出 31次  胜率 64.5%  盈亏比 3.99  平均持仓 17天
  2025交易: 胜率 60.9%  盈亏比 4.48  交易 23次
  2026交易: 胜率 75.0%  盈亏比 3.53  交易 8次

  【R2: S5-R2-C6】 单策略指标
  全周期: 收益 +78.30%  回撤 5.51%  末值 178,302
  2025年: 收益 +42.13%  最大月回撤 3.00%  正收益月 9/12
          月度: -0.11% / +10.12% / +0.93% / +1.49% / +1.55% / +1.79% / +7.13% / +10.90% / +4.05% / -2.07% / -0.95% / +1.77%
  2026年: 收益 +25.45%  最大月回撤 0.89%  正收益月 5/6
          月度: +10.08% / -0.89% / +1.98% / +4.87% / +6.40% / +1.05%
  全周期交易: 买入 61次  卖出 61次  胜率 68.9%  盈亏比 4.31  平均持仓 17天
  2025交易: 胜率 70.3%  盈亏比 5.08  交易 37次
  2026交易: 胜率 66.7%  盈亏比 3.71  交易 24次

  【组合 35%R1 + 65%R2】
  2026 起点: 100,000  2026 终点: 171,765  累计: +71.77%
  2026 最大月回撤: +0.52%  正收益月: 5/6
  2026 月度: +49.90% / +0.67% / +2.98% / +4.50% / +6.31% / -0.52%

====================================================================================================
  E 同S7 C7  R1: S7-R1-C7  +  R2: S7-R2-C7
====================================================================================================

  【R1: S7-R1-C7】 单策略指标
  全周期: 收益 +54.63%  回撤 6.76%  末值 154,632
  2025年: 收益 +33.11%  最大月回撤 3.51%  正收益月 9/12
          月度: -0.91% / +9.78% / +1.41% / +0.81% / +2.34% / +0.85% / +5.04% / +10.20% / +1.68% / -1.78% / -1.76% / +2.13%
  2026年: 收益 +16.17%  最大月回撤 4.55%  正收益月 4/6
          月度: +9.49% / -0.99% / +0.35% / +4.71% / +6.86% / -4.55%
  全周期交易: 买入 29次  卖出 29次  胜率 72.4%  盈亏比 3.54  平均持仓 18天
  2025交易: 胜率 75.0%  盈亏比 6.17  交易 20次
  2026交易: 胜率 66.7%  盈亏比 2.32  交易 9次

  【R2: S7-R2-C7】 单策略指标
  全周期: 收益 +55.03%  回撤 4.99%  末值 155,027
  2025年: 收益 +29.56%  最大月回撤 2.15%  正收益月 8/12
          月度: -1.06% / +8.93% / +1.13% / -0.10% / -2.05% / +0.41% / +5.89% / +10.61% / +3.25% / +0.02% / -0.90% / +0.93%
  2026年: 收益 +19.66%  最大月回撤 1.03%  正收益月 5/6
          月度: +8.01% / -1.03% / +0.11% / +4.22% / +5.94% / +1.26%
  全周期交易: 买入 53次  卖出 53次  胜率 67.9%  盈亏比 5.57  平均持仓 20天
  2025交易: 胜率 59.4%  盈亏比 8.00  交易 32次
  2026交易: 胜率 81.0%  盈亏比 4.26  交易 21次

  【组合 35%R1 + 65%R2】
  2026 起点: 100,000  2026 终点: 154,889  累计: +54.89%
  2026 最大月回撤: +1.02%  正收益月: 4/6
  2026 月度: +41.96% / -1.02% / +0.20% / +4.40% / +6.27% / -0.85%

====================================================================================================
  F 跨S3/S7 C7  R1: S3-R1-C7  +  R2: S7-R2-C7
====================================================================================================

  【R1: S3-R1-C7】 单策略指标
  全周期: 收益 +65.94%  回撤 6.76%  末值 165,939
  2025年: 收益 +42.85%  最大月回撤 4.45%  正收益月 8/12
          月度: -0.91% / +9.78% / +1.22% / +3.50% / -2.14% / +1.77% / +6.02% / +14.15% / +6.63% / -2.73% / -1.76% / +2.07%
  2026年: 收益 +16.17%  最大月回撤 4.55%  正收益月 4/6
          月度: +9.49% / -0.99% / +0.35% / +4.71% / +6.84% / -4.55%
  全周期交易: 买入 30次  卖出 30次  胜率 70.0%  盈亏比 3.20  平均持仓 18天
  2025交易: 胜率 70.0%  盈亏比 4.80  交易 20次
  2026交易: 胜率 70.0%  盈亏比 2.34  交易 10次

  【R2: S7-R2-C7】 单策略指标
  全周期: 收益 +55.03%  回撤 4.99%  末值 155,027
  2025年: 收益 +29.56%  最大月回撤 2.15%  正收益月 8/12
          月度: -1.06% / +8.93% / +1.13% / -0.10% / -2.05% / +0.41% / +5.89% / +10.61% / +3.25% / +0.02% / -0.90% / +0.93%
  2026年: 收益 +19.66%  最大月回撤 1.03%  正收益月 5/6
          月度: +8.01% / -1.03% / +0.11% / +4.22% / +5.94% / +1.26%
  全周期交易: 买入 53次  卖出 53次  胜率 67.9%  盈亏比 5.57  平均持仓 20天
  2025交易: 胜率 59.4%  盈亏比 8.00  交易 32次
  2026交易: 胜率 81.0%  盈亏比 4.26  交易 21次

  【组合 35%R1 + 65%R2】
  2026 起点: 100,000  2026 终点: 158,846  累计: +58.85%
  2026 最大月回撤: +1.02%  正收益月: 4/6
  2026 月度: +45.70% / -1.02% / +0.20% / +4.41% / +6.28% / -0.94%


========================================================================================================================
  场外 6 组合 全数据对比 (R1+R2 都 C6/C7) + V7.2 仓位 · 35%R1+65%R2 加权
========================================================================================================================
组合             R1 配置      R2 配置         R1全周期%    R2全周期%    R1回撤%    R2回撤%   R1胜率%   R2胜率%    R1盈亏比    R2盈亏比   R1持仓天   R2持仓天
------------------------------------------------------------------------------------------------------------------------
A 跨池双C7        S3-R1-C7   S5-R2-C7     +65.94   +76.49    6.76    5.41   70.0   67.9    3.20    5.51     18     20
B S7+S5 C7     S7-R1-C7   S5-R2-C7     +54.63   +76.49    6.76    5.41   72.4   67.9    3.54    5.51     18     20
C 同S3 C7       S3-R1-C7   S3-R2-C7     +65.94   +55.11    6.76    6.55   70.0   59.6    3.20    5.50     18     20
D 跨池双C6        S3-R1-C6   S5-R2-C6     +59.63   +78.30    7.86    5.51   64.5   68.9    3.99    4.31     17     17
E 同S7 C7       S7-R1-C7   S7-R2-C7     +54.63   +55.03    6.76    4.99   72.4   67.9    3.54    5.57     18     20
F 跨S3/S7 C7    S3-R1-C7   S7-R2-C7     +65.94   +55.03    6.76    4.99   70.0   67.9    3.20    5.57     18     20

========================================================================================================================
  2026 组合指标 + 单策略 2026 数据
========================================================================================================================
组合             R1 配置      R2 配置       R1 2026%  R2 2026%  R1 2026胜率  R2 2026胜率  R1 2026盈亏比  R2 2026盈亏比    组合2026%      最大月回撤     正收益月
------------------------------------------------------------------------------------------------------------------------
A 跨池双C7        S3-R1-C7   S5-R2-C7     +16.17   +30.61      70.0%      60.0%       2.34       3.99    +72.80     +1.71       4/6
B S7+S5 C7     S7-R1-C7   S5-R2-C7     +16.17   +30.61      66.7%      60.0%       2.32       3.99    +68.84     +1.64       4/6
C 同S3 C7       S3-R1-C7   S3-R2-C7     +16.17   +13.16      70.0%      50.0%       2.34       3.89    +58.90     +1.87       3/6
D 跨池双C6        S3-R1-C6   S5-R2-C6     +26.23   +25.45      75.0%      66.7%       3.53       3.71    +71.77     +0.52       5/6
E 同S7 C7       S7-R1-C7   S7-R2-C7     +16.17   +19.66      66.7%      81.0%       2.32       4.26    +54.89     +1.02       4/6
F 跨S3/S7 C7    S3-R1-C7   S7-R2-C7     +16.17   +19.66      70.0%      81.0%       2.34       4.26    +58.85     +1.02       4/6

========================================================================================================================
  场外 6 组合 评分 (严控回撤 + 稳健收益 + 长期复利)
========================================================================================================================
组合                 收益水平     回撤控制      收益/回撤     正收益月    总分 推荐
------------------------------------------------------------------------------------------------------------------------
A 跨池双C7            5★     2★     3★( 42.5)     3★(4/6)   13★ 
B S7+S5 C7         5★     2★     3★( 41.9)     3★(4/6)   13★ 
C 同S3 C7           3★     2★     3★( 31.6)     3★(3/6)   11★ 
D 跨池双C6            5★     4★     5★(139.3)     4★(5/6)   18★ ⭐⭐
E 同S7 C7           2★     3★     4★( 54.0)     3★(4/6)   12★ 
F 跨S3/S7 C7        3★     3★     4★( 58.0)     3★(4/6)   13★ 

  🏆 排名:
    1. D 跨池双C6        总分18★ (收益5★+回撤4★+收益/回撤5★+正收益月4★)  收益/回撤比 139.3
    2. A 跨池双C7        总分13★ (收益5★+回撤2★+收益/回撤3★+正收益月3★)  收益/回撤比 42.5
    3. B S7+S5 C7     总分13★ (收益5★+回撤2★+收益/回撤3★+正收益月3★)  收益/回撤比 41.9
    4. F 跨S3/S7 C7    总分13★ (收益3★+回撤3★+收益/回撤4★+正收益月3★)  收益/回撤比 58.0
    5. E 同S7 C7       总分12★ (收益2★+回撤3★+收益/回撤4★+正收益月3★)  收益/回撤比 54.0
    6. C 同S3 C7       总分11★ (收益3★+回撤2★+收益/回撤3★+正收益月3★)  收益/回撤比 31.6


========================================================================================================================
  🏆 推荐组合 D 跨池双C6 (S3-R1-C6 + S5-R2-C6) · 2026 交易明细
========================================================================================================================

  --- R1 (S3-R1-C6) 2026 交易 ---
  日期           动作         代码         名称             价格       数量       成本         盈亏      收益率    持仓天
  2026-01-26   SELL       SH000698   科创100       1.579    53000    1.389    +10,070  +13.68%     26
  2026-01-26   BUY        SH000905   中证500       8.564    12800    8.564          —        —      0
  2026-02-03   SELL       SH000905   中证500       8.366     8000    8.564     -1,584   -2.31%      8
  2026-02-03   BUY        SH000015   上证红利        3.051    44900    3.051          —        —      0
  2026-03-17   SELL       SH000015   上证红利        3.309    17800    3.051     +4,592   +8.46%     42
  2026-03-17   BUY        SZ399296   创成长         0.625   231200    0.625          —        —      0
  2026-04-08   SELL       SZ399296   创成长         0.682    23100    0.625     +1,317   +9.12%     22
  2026-04-08   BUY        SH000699   科创200       1.494    71000    1.494          —        —      0
  2026-04-17   SELL       SH000699   科创200       1.581    71000    1.494     +6,177   +5.82%      9
  2026-04-17   BUY        SZ399296   创成长         0.789   200000    0.789          —        —      0
  2026-05-06   SELL       SZ399296   创成长         0.798   140000    0.789     +1,260   +1.14%     19
  2026-05-06   BUY        SH000688   科创50        1.744    90800    1.744          —        —      0
  2026-06-04   SELL       SH000688   科创50        1.832    25400    1.744     +2,235   +5.05%     29
  2026-06-04   BUY        SH000015   上证红利        3.327    24800    3.327          —        —      0
  2026-06-18   SELL_END   SH000015   上证红利        3.098    24800    3.327     -5,679   -6.88%     14

  --- R2 (S5-R2-C6) 2026 交易 ---
  日期           动作         代码         名称             价格       数量       成本         盈亏      收益率    持仓天
  2026-01-08   SELL       SH000699   科创200       1.490     3700    1.304       +688  +14.26%     38
  2026-01-08   BUY        SH000688   科创50        1.531    31400    1.531          —        —      0
  2026-01-16   SELL       SH000688   科创50        1.593    18800    1.531     +1,166   +4.05%      8
  2026-01-16   BUY        SH000699   科创200       1.600    17900    1.600          —        —      0
  2026-01-28   SELL       SH000698   科创100       1.619    40700    1.377     +9,849  +17.57%     34
  2026-01-28   SELL       SH000699   科创200       1.610    17900    1.600       +179   +0.63%     12
  2026-01-28   BUY        SH000688   科创50        1.635    24000    1.635          —        —      0
  2026-01-28   BUY        SH000015   上证红利        3.132    12500    3.132          —        —      0
  2026-02-05   SELL       SH000688   科创50        1.508    24000    1.635     -3,048   -7.77%      8
  2026-02-05   BUY        SH000016   上证50        3.137    21900    3.137          —        —      0
  2026-02-27   SELL       SH000015   上证红利        3.232     7100    3.132       +710   +3.19%     30
  2026-02-27   SELL       SH000016   上证50        3.123    12500    3.137       -175   -0.45%     22
  2026-02-27   BUY        SH000852   中证1000      3.431     9000    3.431          —        —      0
  2026-02-27   BUY        SZ399303   国证2000      1.582    19600    1.582          —        —      0
  2026-03-09   SELL       SH000852   中证1000      3.287     9000    3.431     -1,296   -4.20%     10
  2026-03-09   SELL       SZ399303   国证2000      1.519    19600    1.582     -1,235   -3.98%     10
  2026-03-09   BUY        SH000015   上证红利        3.309    23000    3.309          —        —      0
  2026-03-09   BUY        SZ399296   创成长         0.608   125400    0.608          —        —      0
  2026-03-17   SELL       SH000015   上证红利        3.309     9200    3.309         +0   +0.00%      8
  2026-03-17   BUY        SZ399673   创业板50       1.541    79900    1.541          —        —      0
  2026-04-03   SELL       SZ399296   创成长         0.631     5000    0.608       +115   +3.78%     25
  2026-04-03   SELL       SZ399673   创业板50       1.485     7900    1.541       -442   -3.63%     17
  2026-04-03   BUY        SH000699   科创200       1.401    39400    1.401          —        —      0
  2026-04-03   BUY        SH000016   上证50        2.901    19000    2.901          —        —      0
  2026-04-15   SELL       SH000699   科创200       1.537    39400    1.401     +5,358   +9.71%     12
  2026-04-15   SELL       SH000016   上证50        3.008    19000    2.901     +2,033   +3.69%     12
  2026-04-15   BUY        SH000688   科创50        1.482    55800    1.482          —        —      0
  2026-04-15   BUY        SH000698   科创100       1.540    53700    1.540          —        —      0
  2026-04-23   SELL       SH000688   科创50        1.508    55800    1.482     +1,451   +1.75%      8
  2026-04-23   SELL       SH000698   科创100       1.593    53700    1.540     +2,846   +3.44%      8
  2026-04-23   BUY        SZ399296   创成长         0.801   105900    0.801          —        —      0
  2026-04-23   BUY        SZ399673   创业板50       1.794    47300    1.794          —        —      0
  2026-05-06   SELL       SZ399296   创成长         0.798    74100    0.801       -222   -0.37%     13
  2026-05-06   SELL       SZ399673   创业板50       1.809    33100    1.794       +496   +0.84%     13
  2026-05-06   BUY        SH000688   科创50        1.744    48300    1.744          —        —      0
  2026-05-06   BUY        SH000698   科创100       1.717    49100    1.717          —        —      0
  2026-06-02   SELL       SH000688   科创50        1.781    13700    1.744       +507   +2.12%     27
  2026-06-02   SELL       SH000698   科创100       1.753    13900    1.717       +500   +2.10%     27
  2026-06-02   BUY        SH000015   上证红利        3.308    13200    3.308          —        —      0
  2026-06-02   BUY        SZ399296   创成长         0.937    46700    0.937          —        —      0
  2026-06-17   SELL       SH000015   上证红利        3.160    13200    3.308     -1,954   -4.47%     15
  2026-06-17   SELL       SZ399296   创成长         1.013    46700    0.937     +3,549   +8.11%     15
  2026-06-17   BUY        SH000698   科创100       1.997    22100    1.997          —        —      0
  2026-06-17   BUY        SZ399019   创业板指        1.676    26300    1.676          —        —      0
  2026-06-18   SELL_END   SH000698   科创100       2.046    22100    1.997     +1,083   +2.45%      1
  2026-06-18   SELL_END   SZ399019   创业板指        1.697    26300    1.676       +552   +1.25%      1
