加载数据...
  总天数: 352 (2025-01-02 ~ 2026-06-18)
  V7.2 仓位数据: 335 天
  2026天: 109

=======================================================================================================================================
  R1 单持 (S2-S7 × C1-C7) + V7.2 仓位 — 42 配置
=======================================================================================================================================
配置             全周期%    全夏普    全回撤%   全胜率%    全盈亏比   全笔数   全均持 |    2026%   26夏普   26回撤%  26胜率%   26盈亏比  26笔数  26均持
---------------------------------------------------------------------------------------------------------------------------------------
S2-R1-C1     +95.20   2.28   13.28   50.3     1.1   165   3.2 |   +24.01   2.28    7.23   50.3     1.1   165   3.2
S2-R1-C2     +56.51   1.66   12.67   51.9     1.6    81   6.6 |   +10.98   1.66    6.40   51.9     1.6    81   6.6
S2-R1-C3     +96.38   2.36    6.60   55.9     2.6    59   9.0 |   +25.15   2.36    3.14   55.9     2.6    59   9.0
S2-R1-C4     +61.75   1.87    7.01   61.0     2.1    41  13.0 |   +12.67   1.87    4.49   61.0     2.1    41  13.0
S2-R1-C5     +63.29   1.83    8.43   54.1     1.9    37  14.4 |   +17.57   1.83    5.18   54.1     1.9    37  14.4
S2-R1-C6     +88.62   2.49    6.00   63.3     2.5    30  17.7 |   +24.26   2.49    3.70   63.3     2.5    30  17.7
S2-R1-C7     +57.68   1.94    5.89   64.5     2.5    31  17.2 |   +20.71   1.94    3.62   64.5     2.5    31  17.2
S3-R1-C1     +94.90   2.27   11.09   51.6     1.4   126   4.2 |   +23.70   2.27    4.54   51.6     1.4   126   4.2
S3-R1-C2     +71.70   1.89    9.33   55.6     2.0    72   7.4 |   +17.38   1.89    3.25   55.6     2.0    72   7.4
S3-R1-C3     +78.18   2.15    6.77   52.0     1.7    50  10.6 |   +22.74   2.15    2.39   52.0     1.7    50  10.6
S3-R1-C4     +76.11   2.08    8.89   56.1     2.0    41  13.0 |   +30.40   2.08    4.10   56.1     2.0    41  13.0
S3-R1-C5     +86.71   2.41    5.92   60.0     3.1    35  15.2 |   +28.47   2.41    3.70   60.0     3.1    35  15.2
S3-R1-C6     +59.63   1.91    7.86   64.5     3.0    31  17.2 |   +26.23   1.91    3.61   64.5     3.0    31  17.2
S3-R1-C7     +65.94   2.14    6.76   70.0     2.2    30  17.7 |   +16.17   2.14    4.55   70.0     2.2    30  17.7
S4-R1-C1     +98.21   2.30   10.19   53.2     1.8   109   4.9 |   +24.36   2.30    4.35   53.2     1.8   109   4.9
S4-R1-C2     +59.50   1.70    9.56   50.7     1.3    67   7.9 |   +17.57   1.70    3.50   50.7     1.3    67   7.9
S4-R1-C3     +66.27   1.87    6.77   54.0     1.3    50  10.6 |   +22.97   1.87    2.38   54.0     1.3    50  10.6
S4-R1-C4     +87.16   2.30    8.88   51.3     2.6    39  13.6 |   +32.73   2.30    4.11   51.3     2.6    39  13.6
S4-R1-C5     +78.54   2.22    6.87   62.9     3.2    35  15.2 |   +28.45   2.22    3.71   62.9     3.2    35  15.2
S4-R1-C6     +66.26   2.11    6.91   67.7     2.2    31  17.2 |   +26.23   2.11    3.61   67.7     2.2    31  17.2
S4-R1-C7     +48.14   1.68    8.02   67.7     1.8    31  17.2 |   +16.19   1.68    4.55   67.7     1.8    31  17.2
S5-R1-C1     +96.16   2.31    7.01   51.4     2.0   107   5.0 |   +24.77   2.31    0.37   51.4     2.0   107   5.0
S5-R1-C2     +69.90   1.94    6.78   53.1     1.5    64   8.3 |   +22.99   1.94    0.99   53.1     1.5    64   8.3
S5-R1-C3     +56.20   1.69    8.89   52.0     1.4    50  10.6 |   +21.60   1.69    2.38   52.0     1.4    50  10.6
S5-R1-C4     +90.84   2.41    6.87   51.4     2.2    37  14.4 |   +29.55   2.41    4.10   51.4     2.2    37  14.4
S5-R1-C5     +75.52   2.21    6.77   61.8     2.7    34  15.6 |   +24.73   2.21    3.71   61.8     2.7    34  15.6
S5-R1-C6     +56.87   1.90    7.63   65.6     2.1    32  16.6 |   +26.20   1.90    3.62   65.6     2.1    32  16.6
S5-R1-C7     +53.72   1.82    6.75   67.7     2.4    31  17.2 |   +16.18   1.82    4.55   67.7     2.4    31  17.2
S6-R1-C1     +93.58   2.42    7.01   52.0     2.5    98   5.4 |   +27.42   2.42    0.51   52.0     2.5    98   5.4
S6-R1-C2     +69.69   1.92    7.09   55.0     1.5    60   8.9 |   +22.37   1.92    1.29   55.0     1.5    60   8.9
S6-R1-C3     +57.95   1.73    8.88   53.1     1.5    49  10.9 |   +21.60   1.73    2.39   53.1     1.5    49  10.9
S6-R1-C4     +89.38   2.37    6.87   51.4     2.0    37  14.4 |   +29.54   2.37    4.10   51.4     2.0    37  14.4
S6-R1-C5     +70.41   2.16    6.90   61.8     1.8    34  15.6 |   +23.00   2.16    3.71   61.8     1.8    34  15.6
S6-R1-C6     +52.39   1.80    7.55   62.5     1.8    32  16.6 |   +20.03   1.80    3.62   62.5     1.8    32  16.6
S6-R1-C7     +50.15   1.66    9.25   67.7     2.2    31  17.2 |   +16.18   1.66    4.54   67.7     2.2    31  17.2
S7-R1-C1     +96.17   2.47    7.01   53.0     2.3    83   6.4 |   +26.47   2.47    0.02   53.0     2.3    83   6.4
S7-R1-C2     +72.48   2.00    6.77   56.1     1.6    57   9.3 |   +23.85   2.00    0.09   56.1     1.6    57   9.3
S7-R1-C3     +64.31   1.89    8.88   55.3     1.5    47  11.3 |   +26.97   1.89    2.39   55.3     1.5    47  11.3
S7-R1-C4    +100.82   2.59    6.87   52.9     2.7    34  15.6 |   +33.58   2.59    4.10   52.9     2.7    34  15.6
S7-R1-C5     +73.57   2.17    6.78   62.5     2.2    32  16.6 |   +23.00   2.17    3.71   62.5     2.2    32  16.6
S7-R1-C6     +45.96   1.62    7.96   59.4     1.6    32  16.6 |   +20.04   1.62    3.62   59.4     1.6    32  16.6
S7-R1-C7     +54.63   1.86    6.76   72.4     2.5    29  18.3 |   +16.17   1.86    4.55   72.4     2.5    29  18.3

=======================================================================================================================================
  R2 双持 (S2-S7 × C1-C7) + V7.2 仓位 — 42 配置
=======================================================================================================================================
配置             全周期%    全夏普    全回撤%   全胜率%    全盈亏比   全笔数   全均持 |    2026%   26夏普   26回撤%  26胜率%   26盈亏比  26笔数  26均持
---------------------------------------------------------------------------------------------------------------------------------------
S2-R2-C1     +67.89   2.01   10.37   50.0     0.9   324   3.2 |   +17.84   2.01    5.94   50.0     0.9   324   3.2
S2-R2-C2     +77.09   2.22    7.64   53.3     1.4   180   5.8 |   +13.83   2.22    3.07   53.3     1.4   180   5.8
S2-R2-C3     +74.51   2.37    5.39   54.7     2.3   117   9.0 |   +23.06   2.37    0.76   54.7     2.3   117   9.0
S2-R2-C4     +68.49   2.30    5.43   58.9     2.6    90  11.8 |   +25.80   2.30    1.51   58.9     2.6    90  11.8
S2-R2-C5     +57.11   1.97    6.39   52.6     2.0    76  13.8 |   +18.61   1.97    2.69   52.6     2.0    76  13.8
S2-R2-C6     +53.18   1.84    5.16   52.7     1.9    55  19.3 |   +14.07   1.84    3.02   52.7     1.9    55  19.3
S2-R2-C7     +50.04   1.69    6.37   62.1     4.7    58  18.3 |   +15.28   1.69    0.56   62.1     4.7    58  18.3
S3-R2-C1     +88.69   2.43    9.19   51.3     1.1   265   3.8 |   +25.42   2.43    4.67   51.3     1.1   265   3.8
S3-R2-C2     +94.56   2.63    7.15   58.9     2.6   141   7.5 |   +27.18   2.63    2.03   58.9     2.6   141   7.5
S3-R2-C3     +74.47   2.32    6.58   53.0     2.3   100  10.6 |   +28.55   2.32    2.08   53.0     2.3   100  10.6
S3-R2-C4     +75.30   2.41    6.25   63.0     2.5    81  13.1 |   +34.99   2.41    1.41   63.0     2.5    81  13.1
S3-R2-C5     +85.01   2.60    5.58   65.1     3.0    63  16.9 |   +26.57   2.60    2.77   65.1     3.0    63  16.9
S3-R2-C6     +60.50   2.08    6.08   60.3     1.9    58  18.3 |   +24.68   2.08    3.03   60.3     1.9    58  18.3
S3-R2-C7     +55.11   1.92    6.55   59.6     4.5    52  20.5 |   +13.16   1.92    0.55   59.6     4.5    52  20.5
S4-R2-C1     +93.51   2.50    6.99   51.1     1.5   233   4.4 |   +29.31   2.50    4.69   51.1     1.5   233   4.4
S4-R2-C2     +73.72   2.36    8.49   54.3     2.1   127   8.4 |   +21.38   2.36    2.96   54.3     2.1   127   8.4
S4-R2-C3     +82.31   2.50    5.97   58.4     2.1    89  11.9 |   +28.35   2.50    1.74   58.4     2.1    89  11.9
S4-R2-C4     +80.66   2.42    4.98   59.5     2.5    84  12.7 |   +35.84   2.42    0.00   59.5     2.5    84  12.7
S4-R2-C5     +82.28   2.58    5.81   64.2     3.1    67  15.8 |   +23.75   2.58    2.73   64.2     3.1    67  15.8
S4-R2-C6     +71.05   2.31    5.51   61.7     3.1    60  17.7 |   +25.64   2.31    1.22   61.7     3.1    60  17.7
S4-R2-C7     +56.17   2.12    4.99   67.9     4.4    53  20.1 |   +16.58   2.12    1.40   67.9     4.4    53  20.1
S5-R2-C1     +96.11   2.58    6.85   50.9     1.4   214   4.7 |   +31.14   2.58    2.52   50.9     1.4   214   4.7
S5-R2-C2     +63.44   2.01    7.62   51.8     1.6   114   9.1 |   +22.53   2.01    4.09   51.8     1.6   114   9.1
S5-R2-C3     +74.04   2.28    7.74   60.9     2.0    87  12.2 |   +22.66   2.28    3.58   60.9     2.0    87  12.2
S5-R2-C4     +81.49   2.43    5.51   60.2     2.8    83  12.8 |   +37.32   2.43    0.64   60.2     2.8    83  12.8
S5-R2-C5     +93.98   2.78    4.90   62.1     4.9    66  16.0 |   +28.93   2.78    0.72   62.1     4.9    66  16.0
S5-R2-C6     +78.30   2.57    5.51   68.9     3.3    61  17.4 |   +25.45   2.57    0.89   68.9     3.3    61  17.4
S5-R2-C7     +76.49   2.57    5.41   67.9     4.5    53  20.1 |   +30.61   2.57    0.45   67.9     4.5    53  20.1
S6-R2-C1    +101.32   2.66    8.50   53.4     1.5   191   5.3 |   +29.00   2.66    2.22   53.4     1.5   191   5.3
S6-R2-C2     +84.18   2.47    7.21   52.4     2.3   103  10.0 |   +27.43   2.47    3.59   52.4     2.3   103  10.0
S6-R2-C3     +62.40   1.98    8.43   60.2     1.3    88  11.9 |   +18.13   1.98    5.45   60.2     1.3    88  11.9
S6-R2-C4     +78.44   2.38    7.45   58.0     2.9    81  13.1 |   +30.45   2.38    3.85   58.0     2.9    81  13.1
S6-R2-C5     +93.41   2.80    5.64   56.9     4.3    65  16.2 |   +31.97   2.80    3.90   56.9     4.3    65  16.2
S6-R2-C6     +78.02   2.56    5.51   66.7     3.5    60  17.7 |   +23.00   2.56    0.92   66.7     3.5    60  17.7
S6-R2-C7     +61.03   2.12    5.89   64.8     3.5    54  19.7 |   +19.28   2.12    0.39   64.8     3.5    54  19.7
S7-R2-C1     +99.95   2.72    8.42   54.2     1.4   166   6.0 |   +28.32   2.72    2.00   54.2     1.4   166   6.0
S7-R2-C2     +91.69   2.68    5.01   53.9     3.0   102  10.2 |   +30.47   2.68    1.54   53.9     3.0   102  10.2
S7-R2-C3     +73.34   2.18    7.71   59.3     1.5    86  12.3 |   +27.45   2.18    3.63   59.3     1.5    86  12.3
S7-R2-C4     +66.73   2.11    8.32   57.0     1.7    79  13.5 |   +23.37   2.11    4.28   57.0     1.7    79  13.5
S7-R2-C5     +82.70   2.59    6.00   56.5     3.5    62  17.0 |   +24.30   2.59    3.06   56.5     3.5    62  17.0
S7-R2-C6     +82.66   2.66    5.51   69.0     6.2    58  18.3 |   +24.83   2.66    0.89   69.0     6.2    58  18.3
S7-R2-C7     +55.03   2.02    4.99   67.9     4.6    53  20.1 |   +19.66   2.02    1.03   67.9     4.6    53  20.1

====================================================================================================
  R1 单持 + V7.2 仓位 · Top 5 (全周期收益)
====================================================================================================
  S7-R1-C4   全周期 +100.82%  夏普2.59  回撤6.9%  胜率53%  盈亏比2.7  34笔  均持15.6天
             2026    +33.58%  夏普2.59  回撤4.1%  胜率53%  盈亏比2.7  34笔
  S4-R1-C1   全周期  +98.21%  夏普2.30  回撤10.2%  胜率53%  盈亏比1.8  109笔  均持4.9天
             2026    +24.36%  夏普2.30  回撤4.4%  胜率53%  盈亏比1.8  109笔
  S2-R1-C3   全周期  +96.38%  夏普2.36  回撤6.6%  胜率56%  盈亏比2.6  59笔  均持9.0天
             2026    +25.15%  夏普2.36  回撤3.1%  胜率56%  盈亏比2.6  59笔
  S7-R1-C1   全周期  +96.17%  夏普2.47  回撤7.0%  胜率53%  盈亏比2.3  83笔  均持6.4天
             2026    +26.47%  夏普2.47  回撤0.0%  胜率53%  盈亏比2.3  83笔
  S5-R1-C1   全周期  +96.16%  夏普2.31  回撤7.0%  胜率51%  盈亏比2.0  107笔  均持5.0天
             2026    +24.77%  夏普2.31  回撤0.4%  胜率51%  盈亏比2.0  107笔

====================================================================================================
  R2 双持 + V7.2 仓位 · Top 5 (全周期收益)
====================================================================================================
  S6-R2-C1   全周期 +101.32%  夏普2.66  回撤8.5%  胜率53%  盈亏比1.5  191笔  均持5.3天
             2026    +29.00%  夏普2.66  回撤2.2%  胜率53%  盈亏比1.5  191笔
  S7-R2-C1   全周期  +99.95%  夏普2.72  回撤8.4%  胜率54%  盈亏比1.4  166笔  均持6.0天
             2026    +28.32%  夏普2.72  回撤2.0%  胜率54%  盈亏比1.4  166笔
  S5-R2-C1   全周期  +96.11%  夏普2.58  回撤6.8%  胜率51%  盈亏比1.4  214笔  均持4.7天
             2026    +31.14%  夏普2.58  回撤2.5%  胜率51%  盈亏比1.4  214笔
  S3-R2-C2   全周期  +94.56%  夏普2.63  回撤7.1%  胜率59%  盈亏比2.6  141笔  均持7.5天
             2026    +27.18%  夏普2.63  回撤2.0%  胜率59%  盈亏比2.6  141笔
  S5-R2-C5   全周期  +93.98%  夏普2.78  回撤4.9%  胜率62%  盈亏比4.9  66笔  均持16.0天
             2026    +28.93%  夏普2.78  回撤0.7%  胜率62%  盈亏比4.9  66笔

====================================================================================================
  R2 双持 + V7.2 仓位 · Top 5 (全周期胜率)
====================================================================================================
  S7-R2-C6   全周期  +82.66%  夏普2.66  回撤5.5%  胜率69%  盈亏比6.2  58笔
  S5-R2-C6   全周期  +78.30%  夏普2.57  回撤5.5%  胜率69%  盈亏比3.3  61笔
  S4-R2-C7   全周期  +56.17%  夏普2.12  回撤5.0%  胜率68%  盈亏比4.4  53笔
  S5-R2-C7   全周期  +76.49%  夏普2.57  回撤5.4%  胜率68%  盈亏比4.5  53笔
  S7-R2-C7   全周期  +55.03%  夏普2.02  回撤5.0%  胜率68%  盈亏比4.6  53笔

====================================================================================================
  R1 单持 + V7.2 仓位 · Top 5 (全周期盈亏比)
====================================================================================================
  S4-R1-C5   全周期  +78.54%  夏普2.22  回撤6.9%  胜率63%  盈亏比3.2  35笔
  S3-R1-C5   全周期  +86.71%  夏普2.41  回撤5.9%  胜率60%  盈亏比3.1  35笔
  S3-R1-C6   全周期  +59.63%  夏普1.91  回撤7.9%  胜率65%  盈亏比3.0  31笔
  S7-R1-C4   全周期 +100.82%  夏普2.59  回撤6.9%  胜率53%  盈亏比2.7  34笔
  S5-R1-C5   全周期  +75.52%  夏普2.21  回撤6.8%  胜率62%  盈亏比2.7  34笔
