加载数据...
  数据: 348天  V7.2仓位: 345天

====================================================================================================
  ① S3-R1-C6 + S5-R2-C6 (原推荐D)
====================================================================================================

  【R1: S3-R1-C6】
  全周期: 收益 +38.93%  回撤 7.13%  末值 138,926
  2025年: +15.44%  2026年: +20.34%  全周期胜率 64.5%  盈亏比 5.31  2026胜率 75.0%  盈亏比 8.28
  2025月度: -0.04% / +3.99% / -0.06% / +0.37% / -2.54% / +1.93% / +6.11% / +9.64% / -2.87% / -2.14% / -0.80% / +1.61%
  2026月度: +8.19% / +2.41% / +1.31% / +2.04% / +6.14% / -1.01%

  【R2: S5-R2-C6】
  全周期: 收益 +56.93%  回撤 5.08%  末值 156,926
  2025年: +34.22%  2026年: +16.92%  全周期胜率 66.7%  盈亏比 3.04  2026胜率 58.8%  盈亏比 1.96
  2025月度: -0.18% / +6.07% / +0.65% / +0.72% / +0.06% / +1.80% / +7.12% / +10.90% / +3.95% / -1.96% / -0.37% / +1.77%
  2026月度: +9.50% / -0.99% / -0.90% / +3.88% / +6.63% / -1.76%

  【组合 35%R1 + 65%R2 · 2026】
  起点 100,000  终点 150,626  累计 +50.63%
  最大月回撤 +1.52%  正收益月 4/6
  月度: +39.25% / +0.08% / -0.19% / +3.28% / +6.47% / -1.52%

====================================================================================================
  ② S3-R1-C6 + S5-R2-C7 (新提议)
====================================================================================================

  【R1: S3-R1-C6】
  全周期: 收益 +38.93%  回撤 7.13%  末值 138,926
  2025年: +15.44%  2026年: +20.34%  全周期胜率 64.5%  盈亏比 5.31  2026胜率 75.0%  盈亏比 8.28
  2025月度: -0.04% / +3.99% / -0.06% / +0.37% / -2.54% / +1.93% / +6.11% / +9.64% / -2.87% / -2.14% / -0.80% / +1.61%
  2026月度: +8.19% / +2.41% / +1.31% / +2.04% / +6.14% / -1.01%

  【R2: S5-R2-C7】
  全周期: 收益 +55.50%  回撤 4.99%  末值 155,496
  2025年: +27.62%  2026年: +21.84%  全周期胜率 68.6%  盈亏比 4.60  2026胜率 61.1%  盈亏比 2.82
  2025月度: -1.12% / +3.68% / +0.94% / -0.23% / +0.15% / +0.18% / +6.72% / +10.61% / +3.14% / +0.21% / +0.05% / +0.92%
  2026月度: +7.63% / -0.17% / -0.07% / +8.70% / +6.78% / -2.25%

  【组合 35%R1 + 65%R2 · 2026】
  起点 100,000  终点 149,697  累计 +49.70%
  最大月回撤 +1.85%  正收益月 5/6
  月度: +33.00% / +0.68% / +0.39% / +6.45% / +6.58% / -1.85%

====================================================================================================
  ③ S3-R1-C7 + S5-R2-C6 (高频+短持仓R2)
====================================================================================================

  【R1: S3-R1-C7】
  全周期: 收益 +57.83%  回撤 5.66%  末值 157,834
  2025年: +36.51%  2026年: +15.62%  全周期胜率 70.0%  盈亏比 3.34  2026胜率 70.0%  盈亏比 2.65
  2025月度: -0.91% / +7.31% / +0.97% / +1.34% / -2.45% / +1.77% / +6.02% / +14.14% / +6.57% / -2.72% / -0.59% / +1.33%
  2026月度: +8.36% / -1.59% / +0.58% / +2.57% / +6.85% / -1.63%

  【R2: S5-R2-C6】
  全周期: 收益 +56.93%  回撤 5.08%  末值 156,926
  2025年: +34.22%  2026年: +16.92%  全周期胜率 66.7%  盈亏比 3.04  2026胜率 58.8%  盈亏比 1.96
  2025月度: -0.18% / +6.07% / +0.65% / +0.72% / +0.06% / +1.80% / +7.12% / +10.90% / +3.95% / -1.96% / -0.37% / +1.77%
  2026月度: +9.50% / -0.99% / -0.90% / +3.88% / +6.63% / -1.76%

  【组合 35%R1 + 65%R2 · 2026】
  起点 100,000  终点 157,244  累计 +57.24%
  最大月回撤 +1.71%  正收益月 3/6
  月度: +47.30% / -1.20% / -0.38% / +3.42% / +6.71% / -1.71%

====================================================================================================
  ④ S3-R1-C7 + S5-R2-C7 (高频+长持仓R2)
====================================================================================================

  【R1: S3-R1-C7】
  全周期: 收益 +57.83%  回撤 5.66%  末值 157,834
  2025年: +36.51%  2026年: +15.62%  全周期胜率 70.0%  盈亏比 3.34  2026胜率 70.0%  盈亏比 2.65
  2025月度: -0.91% / +7.31% / +0.97% / +1.34% / -2.45% / +1.77% / +6.02% / +14.14% / +6.57% / -2.72% / -0.59% / +1.33%
  2026月度: +8.36% / -1.59% / +0.58% / +2.57% / +6.85% / -1.63%

  【R2: S5-R2-C7】
  全周期: 收益 +55.50%  回撤 4.99%  末值 155,496
  2025年: +27.62%  2026年: +21.84%  全周期胜率 68.6%  盈亏比 4.60  2026胜率 61.1%  盈亏比 2.82
  2025月度: -1.12% / +3.68% / +0.94% / -0.23% / +0.15% / +0.18% / +6.72% / +10.61% / +3.14% / +0.21% / +0.05% / +0.92%
  2026月度: +7.63% / -0.17% / -0.07% / +8.70% / +6.78% / -2.25%

  【组合 35%R1 + 65%R2 · 2026】
  起点 100,000  终点 156,314  累计 +56.31%
  最大月回撤 +2.03%  正收益月 4/6
  月度: +41.06% / -0.69% / +0.17% / +6.46% / +6.81% / -2.03%



========================================================================================================================
  4 候选组合 对比 · 35%R1+65%R2 加权 + V7.2 仓位
========================================================================================================================
组合                             R1 配置      R2 配置          R1全周期     R2全周期    R1回撤    R2回撤     组合2026      最大月回撤     正收益月     收益/回撤比
------------------------------------------------------------------------------------------------------------------------
① S3-R1-C6 + S5-R2-C6 (原推荐D)   S3-R1-C6   S5-R2-C6     +38.93%   +56.93%   7.13%   5.08%    +50.63%     +1.52%       4/6      33.4
② S3-R1-C6 + S5-R2-C7 (新提议)    S3-R1-C6   S5-R2-C7     +38.93%   +55.50%   7.13%   4.99%    +49.70%     +1.85%       5/6      26.9
③ S3-R1-C7 + S5-R2-C6 (高频+短持仓R2) S3-R1-C7   S5-R2-C6     +57.83%   +56.93%   5.66%   5.08%    +57.24%     +1.71%       3/6      33.4
④ S3-R1-C7 + S5-R2-C7 (高频+长持仓R2) S3-R1-C7   S5-R2-C7     +57.83%   +55.50%   5.66%   4.99%    +56.31%     +2.03%       4/6      27.8

  评分:
组合                                收益    回撤    比值     正收益月    总分 推荐
----------------------------------------------------------------------------------------------------
① S3-R1-C6 + S5-R2-C6 (原推荐D)      2★    2★    3★     3★(4/6)   10★ 
② S3-R1-C6 + S5-R2-C7 (新提议)       1★    2★    2★     4★(5/6)    9★ 
③ S3-R1-C7 + S5-R2-C6 (高频+短持仓R2)    3★    2★    3★     3★(3/6)   11★ 
④ S3-R1-C7 + S5-R2-C7 (高频+长持仓R2)    3★    1★    2★     3★(4/6)    9★ 

  🏆 排名:
    1. ③ S3-R1-C7 + S5-R2-C6 (高频+短持仓R2) 总分 11★
    2. ① S3-R1-C6 + S5-R2-C6 (原推荐D)   总分 10★
    3. ② S3-R1-C6 + S5-R2-C7 (新提议)    总分 9★
    4. ④ S3-R1-C7 + S5-R2-C7 (高频+长持仓R2) 总分 9★
