加载数据...
  数据: 348天  V7.2仓位: 345天
  起始: 2025-01-02  结束: 2026-06-12

>>> V7.2 仓位分布 (345天):
  1成: 48天 (13.9%)
  1成: 5天 (1.4%)
  2成: 8天 (2.3%)
  2成: 2天 (0.6%)
  3成: 51天 (14.8%)
  3成: 11天 (3.2%)
  4成: 12天 (3.5%)
  4成: 19天 (5.5%)
  5成: 23天 (6.7%)
  5成: 11天 (3.2%)
  6成: 26天 (7.5%)
  6成: 2天 (0.6%)
  7成: 29天 (8.4%)
  7成: 1天 (0.3%)
  8成: 9天 (2.6%)
  9成: 8天 (2.3%)
  9成: 4天 (1.2%)
  10成: 76天 (22.0%)
  仓位均值: 55.0%

====================================================================================================
  A 跨池双C7  R1: S3-R1-C7  +  R2: S5-R2-C7
====================================================================================================

  【R1: S3-R1-C7】 单策略指标
  全周期: 收益 +57.83%  回撤 5.66%  末值 157,834
  2025年: 收益 +36.51%  最大月回撤 3.30%  正收益月 8/12
          月度: -0.91% / +7.31% / +0.97% / +1.34% / -2.45% / +1.77% / +6.02% / +14.14% / +6.57% / -2.72% / -0.59% / +1.33%
  2026年: 收益 +15.62%  最大月回撤 1.63%  正收益月 4/6
          月度: +8.36% / -1.59% / +0.58% / +2.57% / +6.85% / -1.63%
  全周期交易: 买入 30次  卖出 30次  胜率 70.0%  盈亏比 3.34  平均持仓 18天
  2025交易: 胜率 70.0%  盈亏比 4.20  交易 20次
  2026交易: 胜率 70.0%  盈亏比 2.65  交易 10次

  【R2: S5-R2-C7】 单策略指标
  全周期: 收益 +55.50%  回撤 4.99%  末值 155,496
  2025年: 收益 +27.62%  最大月回撤 1.12%  正收益月 10/12
          月度: -1.12% / +3.68% / +0.94% / -0.23% / +0.15% / +0.18% / +6.72% / +10.61% / +3.14% / +0.21% / +0.05% / +0.92%
  2026年: 收益 +21.84%  最大月回撤 2.25%  正收益月 3/6
          月度: +7.63% / -0.17% / -0.07% / +8.70% / +6.78% / -2.25%
  全周期交易: 买入 51次  卖出 51次  胜率 68.6%  盈亏比 4.60  平均持仓 21天
  2025交易: 胜率 72.7%  盈亏比 10.78  交易 33次
  2026交易: 胜率 61.1%  盈亏比 2.82  交易 18次

  【组合 35%R1 + 65%R2】
  2026 起点: 100,000  2026 终点: 156,314  累计: +56.31%
  2026 最大月回撤: +2.03%  正收益月: 4/6
  2026 月度: +41.06% / -0.69% / +0.17% / +6.46% / +6.81% / -2.03%

====================================================================================================
  B S7+S5 C7  R1: S7-R1-C7  +  R2: S5-R2-C7
====================================================================================================

  【R1: S7-R1-C7】 单策略指标
  全周期: 收益 +46.82%  回撤 6.27%  末值 146,824
  2025年: 收益 +26.97%  最大月回撤 2.35%  正收益月 9/12
          月度: -0.91% / +7.31% / +1.16% / +0.24% / +0.33% / +0.86% / +5.04% / +10.19% / +1.61% / -1.76% / -0.59% / +1.34%
  2026年: 收益 +15.64%  最大月回撤 1.63%  正收益月 4/6
          月度: +8.36% / -1.59% / +0.58% / +2.57% / +6.86% / -1.63%
  全周期交易: 买入 29次  卖出 29次  胜率 72.4%  盈亏比 4.02  平均持仓 18天
  2025交易: 胜率 75.0%  盈亏比 6.33  交易 20次
  2026交易: 胜率 66.7%  盈亏比 2.53  交易 9次

  【R2: S5-R2-C7】 单策略指标
  全周期: 收益 +55.50%  回撤 4.99%  末值 155,496
  2025年: 收益 +27.62%  最大月回撤 1.12%  正收益月 10/12
          月度: -1.12% / +3.68% / +0.94% / -0.23% / +0.15% / +0.18% / +6.72% / +10.61% / +3.14% / +0.21% / +0.05% / +0.92%
  2026年: 收益 +21.84%  最大月回撤 2.25%  正收益月 3/6
          月度: +7.63% / -0.17% / -0.07% / +8.70% / +6.78% / -2.25%
  全周期交易: 买入 51次  卖出 51次  胜率 68.6%  盈亏比 4.60  平均持仓 21天
  2025交易: 胜率 72.7%  盈亏比 10.78  交易 33次
  2026交易: 胜率 61.1%  盈亏比 2.82  交易 18次

  【组合 35%R1 + 65%R2】
  2026 起点: 100,000  2026 终点: 152,461  累计: +52.46%
  2026 最大月回撤: +2.04%  正收益月: 4/6
  2026 月度: +37.44% / -0.67% / +0.16% / +6.56% / +6.81% / -2.04%

====================================================================================================
  C 同S3 C7  R1: S3-R1-C7  +  R2: S3-R2-C7
====================================================================================================

  【R1: S3-R1-C7】 单策略指标
  全周期: 收益 +57.83%  回撤 5.66%  末值 157,834
  2025年: 收益 +36.51%  最大月回撤 3.30%  正收益月 8/12
          月度: -0.91% / +7.31% / +0.97% / +1.34% / -2.45% / +1.77% / +6.02% / +14.14% / +6.57% / -2.72% / -0.59% / +1.33%
  2026年: 收益 +15.62%  最大月回撤 1.63%  正收益月 4/6
          月度: +8.36% / -1.59% / +0.58% / +2.57% / +6.85% / -1.63%
  全周期交易: 买入 30次  卖出 30次  胜率 70.0%  盈亏比 3.34  平均持仓 18天
  2025交易: 胜率 70.0%  盈亏比 4.20  交易 20次
  2026交易: 胜率 70.0%  盈亏比 2.65  交易 10次

  【R2: S3-R2-C7】 单策略指标
  全周期: 收益 +43.02%  回撤 6.55%  末值 143,016
  2025年: 收益 +32.79%  最大月回撤 2.12%  正收益月 10/12
          月度: +1.51% / +4.64% / +0.31% / +1.21% / -2.12% / +1.79% / +7.26% / +11.50% / +4.14% / -1.81% / +0.13% / +0.92%
  2026年: 收益 +7.70%  最大月回撤 1.91%  正收益月 4/6
          月度: +1.32% / +0.19% / -1.66% / +5.40% / +4.35% / -1.91%
  全周期交易: 买入 52次  卖出 52次  胜率 59.6%  盈亏比 5.93  平均持仓 20天
  2025交易: 胜率 65.6%  盈亏比 8.92  交易 32次
  2026交易: 胜率 50.0%  盈亏比 3.86  交易 20次

  【组合 35%R1 + 65%R2】
  2026 起点: 100,000  2026 终点: 148,202  累计: +48.20%
  2026 最大月回撤: +1.80%  正收益月: 3/6
  2026 月度: +39.22% / -0.47% / -0.84% / +4.34% / +5.27% / -1.80%

====================================================================================================
  D 跨池双C6  R1: S3-R1-C6  +  R2: S5-R2-C6
====================================================================================================

  【R1: S3-R1-C6】 单策略指标
  全周期: 收益 +38.93%  回撤 7.13%  末值 138,926
  2025年: 收益 +15.44%  最大月回撤 5.71%  正收益月 6/12
          月度: -0.04% / +3.99% / -0.06% / +0.37% / -2.54% / +1.93% / +6.11% / +9.64% / -2.87% / -2.14% / -0.80% / +1.61%
  2026年: 收益 +20.34%  最大月回撤 1.01%  正收益月 5/6
          月度: +8.19% / +2.41% / +1.31% / +2.04% / +6.14% / -1.01%
  全周期交易: 买入 31次  卖出 31次  胜率 64.5%  盈亏比 5.31  平均持仓 17天
  2025交易: 胜率 60.9%  盈亏比 4.05  交易 23次
  2026交易: 胜率 75.0%  盈亏比 8.28  交易 8次

  【R2: S5-R2-C6】 单策略指标
  全周期: 收益 +56.93%  回撤 5.08%  末值 156,926
  2025年: 收益 +34.22%  最大月回撤 2.32%  正收益月 9/12
          月度: -0.18% / +6.07% / +0.65% / +0.72% / +0.06% / +1.80% / +7.12% / +10.90% / +3.95% / -1.96% / -0.37% / +1.77%
  2026年: 收益 +16.92%  最大月回撤 1.88%  正收益月 3/6
          月度: +9.50% / -0.99% / -0.90% / +3.88% / +6.63% / -1.76%
  全周期交易: 买入 54次  卖出 54次  胜率 66.7%  盈亏比 3.04  平均持仓 19天
  2025交易: 胜率 70.3%  盈亏比 4.63  交易 37次
  2026交易: 胜率 58.8%  盈亏比 1.96  交易 17次

  【组合 35%R1 + 65%R2】
  2026 起点: 100,000  2026 终点: 150,626  累计: +50.63%
  2026 最大月回撤: +1.52%  正收益月: 4/6
  2026 月度: +39.25% / +0.08% / -0.19% / +3.28% / +6.47% / -1.52%

====================================================================================================
  E 同S7 C7  R1: S7-R1-C7  +  R2: S7-R2-C7
====================================================================================================

  【R1: S7-R1-C7】 单策略指标
  全周期: 收益 +46.82%  回撤 6.27%  末值 146,824
  2025年: 收益 +26.97%  最大月回撤 2.35%  正收益月 9/12
          月度: -0.91% / +7.31% / +1.16% / +0.24% / +0.33% / +0.86% / +5.04% / +10.19% / +1.61% / -1.76% / -0.59% / +1.34%
  2026年: 收益 +15.64%  最大月回撤 1.63%  正收益月 4/6
          月度: +8.36% / -1.59% / +0.58% / +2.57% / +6.86% / -1.63%
  全周期交易: 买入 29次  卖出 29次  胜率 72.4%  盈亏比 4.02  平均持仓 18天
  2025交易: 胜率 75.0%  盈亏比 6.33  交易 20次
  2026交易: 胜率 66.7%  盈亏比 2.53  交易 9次

  【R2: S7-R2-C7】 单策略指标
  全周期: 收益 +36.54%  回撤 5.86%  末值 136,540
  2025年: 收益 +22.91%  最大月回撤 3.15%  正收益月 9/12
          月度: -1.12% / +3.68% / +0.85% / -0.31% / -2.84% / +0.40% / +5.89% / +10.62% / +3.15% / +0.21% / +0.05% / +0.92%
  2026年: 收益 +11.09%  最大月回撤 2.24%  正收益月 3/6
          月度: +6.92% / -1.31% / -0.92% / +2.48% / +6.06% / -2.24%
  全周期交易: 买入 51次  卖出 51次  胜率 64.7%  盈亏比 3.80  平均持仓 21天
  2025交易: 胜率 59.4%  盈亏比 8.50  交易 32次
  2026交易: 胜率 73.7%  盈亏比 2.23  交易 19次

  【组合 35%R1 + 65%R2】
  2026 起点: 100,000  2026 终点: 140,139  累计: +40.14%
  2026 最大月回撤: +2.01%  正收益月: 3/6
  2026 月度: +33.57% / -1.41% / -0.38% / +2.51% / +6.35% / -2.01%

====================================================================================================
  F 跨S3/S7 C7  R1: S3-R1-C7  +  R2: S7-R2-C7
====================================================================================================

  【R1: S3-R1-C7】 单策略指标
  全周期: 收益 +57.83%  回撤 5.66%  末值 157,834
  2025年: 收益 +36.51%  最大月回撤 3.30%  正收益月 8/12
          月度: -0.91% / +7.31% / +0.97% / +1.34% / -2.45% / +1.77% / +6.02% / +14.14% / +6.57% / -2.72% / -0.59% / +1.33%
  2026年: 收益 +15.62%  最大月回撤 1.63%  正收益月 4/6
          月度: +8.36% / -1.59% / +0.58% / +2.57% / +6.85% / -1.63%
  全周期交易: 买入 30次  卖出 30次  胜率 70.0%  盈亏比 3.34  平均持仓 18天
  2025交易: 胜率 70.0%  盈亏比 4.20  交易 20次
  2026交易: 胜率 70.0%  盈亏比 2.65  交易 10次

  【R2: S7-R2-C7】 单策略指标
  全周期: 收益 +36.54%  回撤 5.86%  末值 136,540
  2025年: 收益 +22.91%  最大月回撤 3.15%  正收益月 9/12
          月度: -1.12% / +3.68% / +0.85% / -0.31% / -2.84% / +0.40% / +5.89% / +10.62% / +3.15% / +0.21% / +0.05% / +0.92%
  2026年: 收益 +11.09%  最大月回撤 2.24%  正收益月 3/6
          月度: +6.92% / -1.31% / -0.92% / +2.48% / +6.06% / -2.24%
  全周期交易: 买入 51次  卖出 51次  胜率 64.7%  盈亏比 3.80  平均持仓 21天
  2025交易: 胜率 59.4%  盈亏比 8.50  交易 32次
  2026交易: 胜率 73.7%  盈亏比 2.23  交易 19次

  【组合 35%R1 + 65%R2】
  2026 起点: 100,000  2026 终点: 143,993  累计: +43.99%
  2026 最大月回撤: +2.00%  正收益月: 3/6
  2026 月度: +37.19% / -1.42% / -0.35% / +2.51% / +6.36% / -2.00%


========================================================================================================================
  场外 6 组合 全数据对比 (R1+R2 都 C6/C7) + V7.2 仓位 · 35%R1+65%R2 加权
========================================================================================================================
组合             R1 配置      R2 配置         R1全周期%    R2全周期%    R1回撤%    R2回撤%   R1胜率%   R2胜率%    R1盈亏比    R2盈亏比   R1持仓天   R2持仓天
------------------------------------------------------------------------------------------------------------------------
A 跨池双C7        S3-R1-C7   S5-R2-C7     +57.83   +55.50    5.66    4.99   70.0   68.6    3.34    4.60     18     21
B S7+S5 C7     S7-R1-C7   S5-R2-C7     +46.82   +55.50    6.27    4.99   72.4   68.6    4.02    4.60     18     21
C 同S3 C7       S3-R1-C7   S3-R2-C7     +57.83   +43.02    5.66    6.55   70.0   59.6    3.34    5.93     18     20
D 跨池双C6        S3-R1-C6   S5-R2-C6     +38.93   +56.93    7.13    5.08   64.5   66.7    5.31    3.04     17     19
E 同S7 C7       S7-R1-C7   S7-R2-C7     +46.82   +36.54    6.27    5.86   72.4   64.7    4.02    3.80     18     21
F 跨S3/S7 C7    S3-R1-C7   S7-R2-C7     +57.83   +36.54    5.66    5.86   70.0   64.7    3.34    3.80     18     21

========================================================================================================================
  2026 组合指标 + 单策略 2026 数据
========================================================================================================================
组合             R1 配置      R2 配置       R1 2026%  R2 2026%  R1 2026胜率  R2 2026胜率  R1 2026盈亏比  R2 2026盈亏比    组合2026%      最大月回撤     正收益月
------------------------------------------------------------------------------------------------------------------------
A 跨池双C7        S3-R1-C7   S5-R2-C7     +15.62   +21.84      70.0%      61.1%       2.65       2.82    +56.31     +2.03       4/6
B S7+S5 C7     S7-R1-C7   S5-R2-C7     +15.64   +21.84      66.7%      61.1%       2.53       2.82    +52.46     +2.04       4/6
C 同S3 C7       S3-R1-C7   S3-R2-C7     +15.62    +7.70      70.0%      50.0%       2.65       3.86    +48.20     +1.80       3/6
D 跨池双C6        S3-R1-C6   S5-R2-C6     +20.34   +16.92      75.0%      58.8%       8.28       1.96    +50.63     +1.52       4/6
E 同S7 C7       S7-R1-C7   S7-R2-C7     +15.64   +11.09      66.7%      73.7%       2.53       2.23    +40.14     +2.01       3/6
F 跨S3/S7 C7    S3-R1-C7   S7-R2-C7     +15.62   +11.09      70.0%      73.7%       2.65       2.23    +43.99     +2.00       3/6

========================================================================================================================
  场外 6 组合 评分 (严控回撤 + 稳健收益 + 长期复利)
========================================================================================================================
组合                 收益水平     回撤控制      收益/回撤     正收益月    总分 推荐
------------------------------------------------------------------------------------------------------------------------
A 跨池双C7            3★     1★     2★( 27.8)     3★(4/6)    9★ 
B S7+S5 C7         2★     1★     2★( 25.7)     3★(4/6)    8★ 
C 同S3 C7           1★     2★     2★( 26.7)     3★(3/6)    8★ 
D 跨池双C6            2★     2★     3★( 33.4)     3★(4/6)   10★ 
E 同S7 C7           1★     1★     2★( 19.9)     3★(3/6)    7★ 
F 跨S3/S7 C7        1★     1★     2★( 22.0)     3★(3/6)    7★ 

  🏆 排名:
    1. D 跨池双C6        总分10★ (收益2★+回撤2★+收益/回撤3★+正收益月3★)  收益/回撤比 33.4
    2. A 跨池双C7        总分9★ (收益3★+回撤1★+收益/回撤2★+正收益月3★)  收益/回撤比 27.8
    3. B S7+S5 C7     总分8★ (收益2★+回撤1★+收益/回撤2★+正收益月3★)  收益/回撤比 25.7
    4. C 同S3 C7       总分8★ (收益1★+回撤2★+收益/回撤2★+正收益月3★)  收益/回撤比 26.7
    5. E 同S7 C7       总分7★ (收益1★+回撤1★+收益/回撤2★+正收益月3★)  收益/回撤比 19.9
    6. F 跨S3/S7 C7    总分7★ (收益1★+回撤1★+收益/回撤2★+正收益月3★)  收益/回撤比 22.0


========================================================================================================================
  🏆 推荐组合 D 跨池双C6 (S3-R1-C6 + S5-R2-C6) · 2026 交易明细
========================================================================================================================

  --- R1 (S3-R1-C6) 2026 交易 ---
  日期           动作         代码         名称             价格       数量       成本         盈亏      收益率    持仓天
  2026-01-26   SELL       SH000698   科创100       1.579    35900    1.389     +6,821  +13.68%     26
  2026-01-26   BUY        SH000905   中证500       8.564     8800    8.564          —        —      0
  2026-02-03   SELL       SH000905   中证500       8.366     8800    8.564     -1,742   -2.31%      8
  2026-02-03   BUY        SH000015   上证红利        3.051    22300    3.051          —        —      0
  2026-03-17   SELL       SH000015   上证红利        3.309    18000    3.051     +4,644   +8.46%     42
  2026-03-17   BUY        SZ399296   创成长         0.625    31000    0.625          —        —      0
  2026-04-08   SELL       SZ399296   创成长         0.682    19900    0.625     +1,134   +9.12%     22
  2026-04-08   BUY        SH000699   科创200       1.494    35000    1.494          —        —      0
  2026-04-17   SELL       SH000699   科创200       1.581    35000    1.494     +3,045   +5.82%      9
  2026-04-17   BUY        SZ399296   创成长         0.789   169500    0.789          —        —      0
  2026-05-06   SELL       SZ399296   创成长         0.798   118600    0.789     +1,067   +1.14%     19
  2026-05-06   BUY        SH000688   科创50        1.744    76900    1.744          —        —      0
  2026-06-04   SELL       SH000688   科创50        1.832    11800    1.744     +1,038   +5.05%     29
  2026-06-04   BUY        SH000015   上证红利        3.327    16700    3.327          —        —      0
  2026-06-12   SELL_END   SH000015   上证红利        3.303    16700    3.327       -401   -0.72%      8

  --- R2 (S5-R2-C6) 2026 交易 ---
  日期           动作         代码         名称             价格       数量       成本         盈亏      收益率    持仓天
  2026-01-08   SELL       SH000699   科创200       1.490     3500    1.304       +651  +14.26%     38
  2026-01-08   BUY        SH000688   科创50        1.531    29700    1.531          —        —      0
  2026-01-16   SELL       SH000688   科创50        1.593    17800    1.531     +1,104   +4.05%      8
  2026-01-16   BUY        SH000699   科创200       1.600    17000    1.600          —        —      0
  2026-01-28   SELL       SH000698   科创100       1.619    29000    1.377     +7,018  +17.57%     34
  2026-01-28   SELL       SH000699   科创200       1.610    12800    1.600       +128   +0.63%     12
  2026-01-28   BUY        SH000688   科创50        1.635    27100    1.635          —        —      0
  2026-01-28   BUY        SH000015   上证红利        3.132    14100    3.132          —        —      0
  2026-02-05   SELL       SH000688   科创50        1.508    25300    1.635     -3,213   -7.77%      8
  2026-02-05   BUY        SH000016   上证50        3.137    19100    3.137          —        —      0
  2026-02-27   SELL       SH000015   上证红利        3.232     8400    3.132       +840   +3.19%     30
  2026-02-27   SELL       SH000016   上证50        3.123    12200    3.137       -171   -0.45%     22
  2026-02-27   BUY        SH000852   中证1000      3.431    10600    3.431          —        —      0
  2026-02-27   BUY        SZ399303   国证2000      1.582    22900    1.582          —        —      0
  2026-03-09   SELL       SH000852   中证1000      3.287    10600    3.431     -1,526   -4.20%     10
  2026-03-09   SELL       SZ399303   国证2000      1.519    22900    1.582     -1,443   -3.98%     10
  2026-03-09   BUY        SH000015   上证红利        3.309    15000    3.309          —        —      0
  2026-03-09   BUY        SZ399296   创成长         0.608    82000    0.608          —        —      0
  2026-03-17   SELL       SH000015   上证红利        3.309     9600    3.309         +0   +0.00%      8
  2026-04-08   SELL       SZ399296   创成长         0.682    22100    0.608     +1,635  +12.17%     30
  2026-04-08   BUY        SH000699   科创200       1.494    19400    1.494          —        —      0
  2026-04-08   BUY        SH000688   科创50        1.425    20400    1.425          —        —      0
  2026-04-20   SELL       SH000699   科创200       1.586    19400    1.494     +1,785   +6.16%     12
  2026-04-20   BUY        SZ399296   创成长         0.789   149800    0.789          —        —      0
  2026-05-06   SELL       SZ399296   创成长         0.798   104800    0.789       +943   +1.14%     16
  2026-05-06   BUY        SH000698   科创100       1.717    74600    1.717          —        —      0
  2026-06-02   SELL       SH000688   科创50        1.781     2100    1.425       +748  +24.98%     55
  2026-06-02   SELL       SH000698   科创100       1.753    11400    1.717       +410   +2.10%     27
  2026-06-02   BUY        SH000015   上证红利        3.308     9500    3.308          —        —      0
  2026-06-02   BUY        SZ399296   创成长         0.937    33800    0.937          —        —      0
  2026-06-12   SELL_END   SH000015   上证红利        3.303     9500    3.308        -47   -0.15%     10
  2026-06-12   SELL_END   SZ399296   创成长         0.896    33800    0.937     -1,386   -4.38%     10
