加载数据...
  总天数: 348 (2025-01-02 ~ 2026-06-12)
  V7.2 仓位数据: 345 天
  2026天: 105

=======================================================================================================================================
  R1 单持 (S2-S7 × C1-C7) + V7.2 仓位 — 42 配置
=======================================================================================================================================
配置             全周期%    全夏普    全回撤%   全胜率%    全盈亏比   全笔数   全均持 |    2026%   26夏普   26回撤%  26胜率%   26盈亏比  26笔数  26均持
---------------------------------------------------------------------------------------------------------------------------------------
S2-R1-C1     +74.80   2.12   12.32   50.3     1.2   163   3.2 |   +17.79   2.12    7.06   50.3     1.2   163   3.2
S2-R1-C2     +44.88   1.56   11.80   51.2     1.5    80   6.6 |    +8.61   1.56    6.31   51.2     1.5    80   6.6
S2-R1-C3     +69.71   2.10    7.11   55.2     2.3    58   9.1 |   +17.08   2.10    4.01   55.2     2.3    58   9.1
S2-R1-C4     +50.81   1.83    7.01   62.5     2.4    40  13.2 |   +13.22   1.83    2.08   62.5     2.4    40  13.2
S2-R1-C5     +57.16   1.87    6.77   54.1     2.3    37  14.2 |   +17.78   1.87    5.09   54.1     2.3    37  14.2
S2-R1-C6     +60.35   2.14    5.66   63.3     2.8    30  17.5 |   +19.18   2.14    2.76   63.3     2.8    30  17.5
S2-R1-C7     +49.57   1.84    5.66   64.5     3.3    31  17.0 |   +18.20   1.84    1.05   64.5     3.3    31  17.0
S3-R1-C1     +80.99   2.21   10.27   51.2     1.6   125   4.2 |   +19.55   2.21    4.97   51.2     1.6   125   4.2
S3-R1-C2     +55.55   1.72    9.24   54.9     2.0    71   7.4 |   +10.76   1.72    3.90   54.9     2.0    71   7.4
S3-R1-C3     +63.70   2.08    6.78   51.0     1.6    49  10.7 |   +19.06   2.08    2.61   51.0     1.6    49  10.7
S3-R1-C4     +58.72   1.97    7.10   57.5     2.1    40  13.2 |   +27.16   1.97    1.58   57.5     2.1    40  13.2
S3-R1-C5     +64.31   2.16    5.66   60.0     3.8    35  15.0 |   +26.84   2.16    2.15   60.0     3.8    35  15.0
S3-R1-C6     +38.93   1.53    7.13   64.5     4.3    31  17.0 |   +20.34   1.53    1.01   64.5     4.3    31  17.0
S3-R1-C7     +57.83   2.04    5.66   70.0     2.3    30  17.5 |   +15.62   2.04    1.63   70.0     2.3    30  17.5
S4-R1-C1     +85.06   2.28    9.45   52.8     1.9   108   4.9 |   +19.71   2.28    4.88   52.8     1.9   108   4.9
S4-R1-C2     +46.19   1.59    9.53   50.0     1.4    66   8.0 |   +10.84   1.59    4.21   50.0     1.4    66   8.0
S4-R1-C3     +59.83   1.97    6.77   53.1     1.6    49  10.7 |   +19.25   1.97    2.47   53.1     1.6    49  10.7
S4-R1-C4     +66.39   2.06    7.10   52.6     2.7    38  13.8 |   +28.69   2.06    1.84   52.6     2.7    38  13.8
S4-R1-C5     +58.78   2.02    6.77   62.9     4.1    35  15.0 |   +26.87   2.02    2.14   62.9     4.1    35  15.0
S4-R1-C6     +44.29   1.75    6.90   67.7     2.7    31  17.0 |   +20.34   1.75    1.02   67.7     2.7    31  17.0
S4-R1-C7     +40.12   1.53    7.03   67.7     1.8    31  17.0 |   +15.64   1.53    1.62   67.7     1.8    31  17.0
S5-R1-C1     +80.84   2.24    7.01   50.9     2.1   106   5.0 |   +19.45   2.24    1.39   50.9     2.1   106   5.0
S5-R1-C2     +53.89   1.82    7.11   52.4     1.7    63   8.3 |   +15.13   1.82    1.34   52.4     1.7    63   8.3
S5-R1-C3     +51.34   1.81    7.10   51.0     1.7    49  10.7 |   +17.92   1.81    2.48   51.0     1.7    49  10.7
S5-R1-C4     +67.88   2.14    6.77   52.8     2.1    36  14.6 |   +25.53   2.14    2.47   52.8     2.1    36  14.6
S5-R1-C5     +56.15   1.99    6.77   61.8     3.3    34  15.5 |   +23.08   1.99    1.05   61.8     3.3    34  15.5
S5-R1-C6     +35.82   1.49    6.93   65.6     2.4    32  16.4 |   +20.35   1.49    1.01   65.6     2.4    32  16.4
S5-R1-C7     +47.04   1.74    6.27   67.7     2.7    31  17.0 |   +15.64   1.74    1.62   67.7     2.7    31  17.0
S6-R1-C1     +76.79   2.34    7.01   51.5     2.6    97   5.4 |   +20.91   2.34    1.50   51.5     2.6    97   5.4
S6-R1-C2     +53.27   1.79    7.02   54.2     1.8    59   8.9 |   +14.80   1.79    1.65   54.2     1.8    59   8.9
S6-R1-C3     +53.86   1.90    7.10   52.1     2.0    48  11.0 |   +19.36   1.90    1.90   52.1     2.0    48  11.0
S6-R1-C4     +62.25   2.09    6.77   52.8     1.9    36  14.6 |   +25.51   2.09    2.47   52.8     1.9    36  14.6
S6-R1-C5     +51.44   1.92    6.90   61.8     1.9    34  15.5 |   +21.23   1.92    1.05   61.8     1.9    34  15.5
S6-R1-C6     +33.25   1.40    6.84   62.5     1.9    32  16.4 |   +15.60   1.40    1.50   62.5     1.9    32  16.4
S6-R1-C7     +43.03   1.57    9.24   67.7     2.5    31  17.0 |   +15.63   1.57    1.63   67.7     2.5    31  17.0
S7-R1-C1     +76.32   2.39    7.30   52.4     2.2    82   6.4 |   +19.83   2.39    1.39   52.4     2.2    82   6.4
S7-R1-C2     +53.57   1.81    6.90   55.4     2.0    56   9.4 |   +15.63   1.81    1.34   55.4     2.0    56   9.4
S7-R1-C3     +57.27   2.02    7.10   54.3     2.0    46  11.4 |   +22.51   2.02    1.40   54.3     2.0    46  11.4
S7-R1-C4     +71.90   2.35    6.78   54.5     3.1    33  15.9 |   +29.92   2.35    1.21   54.5     3.1    33  15.9
S7-R1-C5     +54.22   1.93    6.77   62.5     2.5    32  16.4 |   +21.24   1.93    1.05   62.5     2.5    32  16.4
S7-R1-C6     +27.14   1.17    7.40   59.4     1.6    32  16.4 |   +15.58   1.17    1.50   59.4     1.6    32  16.4
S7-R1-C7     +46.82   1.74    6.27   72.4     3.0    29  18.1 |   +15.64   1.74    1.63   72.4     3.0    29  18.1

=======================================================================================================================================
  R2 双持 (S2-S7 × C1-C7) + V7.2 仓位 — 42 配置
=======================================================================================================================================
配置             全周期%    全夏普    全回撤%   全胜率%    全盈亏比   全笔数   全均持 |    2026%   26夏普   26回撤%  26胜率%   26盈亏比  26笔数  26均持
---------------------------------------------------------------------------------------------------------------------------------------
S2-R2-C1     +47.93   1.69    8.85   49.1     0.8   320   3.3 |   +12.57   1.69    4.72   49.1     0.8   320   3.3
S2-R2-C2     +53.14   1.89    8.82   53.4     1.1   178   5.8 |    +7.46   1.89    4.24   53.4     1.1   178   5.8
S2-R2-C3     +55.14   2.09    5.51   53.5     2.0   114   9.1 |   +13.95   2.09    2.26   53.5     2.0   114   9.1
S2-R2-C4     +48.20   2.03    4.20   60.2     2.2    88  12.0 |   +16.16   2.03    1.71   60.2     2.2    88  12.0
S2-R2-C5     +35.26   1.49    6.48   49.3     1.1    75  13.7 |    +6.06   1.49    3.90   49.3     1.1    75  13.7
S2-R2-C6     +50.74   1.97    4.81   52.7     3.2    55  19.1 |   +12.14   1.97    2.56   52.7     3.2    55  19.1
S2-R2-C7     +39.37   1.53    6.37   58.6     3.4    58  18.1 |    +6.33   1.53    1.95   58.6     3.4    58  18.1
S3-R2-C1     +68.55   2.22    7.32   50.6     1.0   261   3.9 |   +19.60   2.22    4.73   50.6     1.0   261   3.9
S3-R2-C2     +55.33   2.01    7.67   57.1     1.3   140   7.5 |   +10.24   2.01    3.22   57.1     1.3   140   7.5
S3-R2-C3     +63.93   2.25    6.30   53.1     2.2    96  10.9 |   +22.06   2.25    2.74   53.1     2.2    96  10.9
S3-R2-C4     +41.63   1.77    5.59   60.0     1.2    80  13.2 |   +15.90   1.77    2.60   60.0     1.2    80  13.2
S3-R2-C5     +68.02   2.55    5.16   63.5     3.0    63  16.7 |   +20.24   2.55    3.37   63.5     3.0    63  16.7
S3-R2-C6     +50.46   2.03    6.05   60.3     3.0    58  18.1 |   +21.39   2.03    0.42   60.3     3.0    58  18.1
S3-R2-C7     +43.02   1.70    6.55   59.6     4.9    52  20.2 |    +7.70   1.70    1.91   59.6     4.9    52  20.2
S4-R2-C1     +67.86   2.17    7.21   50.2     1.2   229   4.5 |   +20.55   2.17    4.90   50.2     1.2   229   4.5
S4-R2-C2     +56.05   2.10    8.89   53.6     1.6   125   8.4 |   +11.64   2.10    4.39   53.6     1.6   125   8.4
S4-R2-C3     +64.81   2.47    5.91   58.6     2.3    87  12.0 |   +22.23   2.47    3.21   58.6     2.3    87  12.0
S4-R2-C4     +64.63   2.28    5.17   59.0     2.6    83  12.7 |   +24.78   2.28    1.73   59.0     2.6    83  12.7
S4-R2-C5     +68.69   2.45    6.40   62.7     2.5    67  15.7 |   +18.24   2.45    3.82   62.7     2.5    67  15.7
S4-R2-C6     +50.11   1.89    5.91   58.6     1.7    58  18.1 |   +12.77   1.89    3.36   58.6     1.7    58  18.1
S4-R2-C7     +41.24   1.78    4.99   64.7     3.1    51  20.6 |    +8.21   1.78    2.58   64.7     3.1    51  20.6
S5-R2-C1     +75.77   2.36    6.77   51.0     1.4   208   4.8 |   +24.71   2.36    2.92   51.0     1.4   208   4.8
S5-R2-C2     +53.78   1.97    7.85   51.4     1.8   111   9.2 |   +17.11   1.97    5.27   51.4     1.8   111   9.2
S5-R2-C3     +68.21   2.45    5.59   58.8     2.5    85  12.2 |   +22.27   2.45    1.43   58.8     2.5    85  12.2
S5-R2-C4     +67.93   2.43    5.89   58.0     2.3    81  13.0 |   +25.41   2.43    1.42   58.0     2.3    81  13.0
S5-R2-C5     +70.14   2.47    4.90   60.9     3.6    64  16.4 |   +19.37   2.47    1.15   60.9     3.6    64  16.4
S5-R2-C6     +56.93   2.24    5.08   66.7     2.0    54  19.1 |   +16.92   2.24    1.88   66.7     2.0    54  19.1
S5-R2-C7     +55.50   2.28    4.99   68.6     3.6    51  20.6 |   +21.84   2.28    2.25   68.6     3.6    51  20.6
S6-R2-C1     +84.25   2.55    5.65   54.3     1.7   188   5.4 |   +26.02   2.55    2.61   54.3     1.7   188   5.4
S6-R2-C2     +65.96   2.27    7.32   52.0     2.1   100  10.1 |   +21.50   2.27    4.77   52.0     2.1   100  10.1
S6-R2-C3     +56.41   2.15    5.75   58.1     1.3    86  11.9 |   +17.36   2.15    4.88   58.1     1.3    86  11.9
S6-R2-C4     +64.17   2.36    7.18   57.1     2.3    77  13.4 |   +21.76   2.36    3.24   57.1     2.3    77  13.4
S6-R2-C5     +75.51   2.65    5.40   55.6     3.5    63  16.7 |   +25.58   2.65    2.83   55.6     3.5    63  16.7
S6-R2-C6     +57.89   2.20    5.51   63.8     2.5    58  18.1 |   +14.81   2.20    2.27   63.8     2.5    58  18.1
S6-R2-C7     +44.75   1.87    5.07   65.4     2.9    52  20.2 |   +11.89   1.87    2.30   65.4     2.9    52  20.2
S7-R2-C1     +83.20   2.65    6.32   54.5     1.6   165   6.1 |   +24.73   2.65    2.15   54.5     1.6   165   6.1
S7-R2-C2     +75.79   2.54    5.42   53.5     2.9    99  10.3 |   +23.27   2.54    2.30   53.5     2.9    99  10.3
S7-R2-C3     +59.55   2.20    5.50   60.7     1.4    84  12.1 |   +23.90   2.20    1.55   60.7     1.4    84  12.1
S7-R2-C4     +63.30   2.31    7.10   60.0     2.3    75  13.7 |   +23.60   2.31    2.76   60.0     2.3    75  13.7
S7-R2-C5     +74.16   2.66    5.83   54.8     4.3    62  17.0 |   +24.81   2.66    2.17   54.8     4.3    62  17.0
S7-R2-C6     +62.64   2.36    5.51   66.1     4.1    56  18.8 |   +15.33   2.36    1.92   66.1     4.1    56  18.8
S7-R2-C7     +36.54   1.55    5.86   64.7     2.8    51  20.6 |   +11.09   1.55    2.24   64.7     2.8    51  20.6

====================================================================================================
  R1 单持 + V7.2 仓位 · Top 5 (全周期收益)
====================================================================================================
  S4-R1-C1   全周期  +85.06%  夏普2.28  回撤9.5%  胜率53%  盈亏比1.9  108笔  均持4.9天
             2026    +19.71%  夏普2.28  回撤4.9%  胜率53%  盈亏比1.9  108笔
  S3-R1-C1   全周期  +80.99%  夏普2.21  回撤10.3%  胜率51%  盈亏比1.6  125笔  均持4.2天
             2026    +19.55%  夏普2.21  回撤5.0%  胜率51%  盈亏比1.6  125笔
  S5-R1-C1   全周期  +80.84%  夏普2.24  回撤7.0%  胜率51%  盈亏比2.1  106笔  均持5.0天
             2026    +19.45%  夏普2.24  回撤1.4%  胜率51%  盈亏比2.1  106笔
  S6-R1-C1   全周期  +76.79%  夏普2.34  回撤7.0%  胜率52%  盈亏比2.6  97笔  均持5.4天
             2026    +20.91%  夏普2.34  回撤1.5%  胜率52%  盈亏比2.6  97笔
  S7-R1-C1   全周期  +76.32%  夏普2.39  回撤7.3%  胜率52%  盈亏比2.2  82笔  均持6.4天
             2026    +19.83%  夏普2.39  回撤1.4%  胜率52%  盈亏比2.2  82笔

====================================================================================================
  R2 双持 + V7.2 仓位 · Top 5 (全周期收益)
====================================================================================================
  S6-R2-C1   全周期  +84.25%  夏普2.55  回撤5.6%  胜率54%  盈亏比1.7  188笔  均持5.4天
             2026    +26.02%  夏普2.55  回撤2.6%  胜率54%  盈亏比1.7  188笔
  S7-R2-C1   全周期  +83.20%  夏普2.65  回撤6.3%  胜率55%  盈亏比1.6  165笔  均持6.1天
             2026    +24.73%  夏普2.65  回撤2.1%  胜率55%  盈亏比1.6  165笔
  S7-R2-C2   全周期  +75.79%  夏普2.54  回撤5.4%  胜率54%  盈亏比2.9  99笔  均持10.3天
             2026    +23.27%  夏普2.54  回撤2.3%  胜率54%  盈亏比2.9  99笔
  S5-R2-C1   全周期  +75.77%  夏普2.36  回撤6.8%  胜率51%  盈亏比1.4  208笔  均持4.8天
             2026    +24.71%  夏普2.36  回撤2.9%  胜率51%  盈亏比1.4  208笔
  S6-R2-C5   全周期  +75.51%  夏普2.65  回撤5.4%  胜率56%  盈亏比3.5  63笔  均持16.7天
             2026    +25.58%  夏普2.65  回撤2.8%  胜率56%  盈亏比3.5  63笔

====================================================================================================
  R2 双持 + V7.2 仓位 · Top 5 (全周期胜率)
====================================================================================================
  S5-R2-C7   全周期  +55.50%  夏普2.28  回撤5.0%  胜率69%  盈亏比3.6  51笔
  S5-R2-C6   全周期  +56.93%  夏普2.24  回撤5.1%  胜率67%  盈亏比2.0  54笔
  S7-R2-C6   全周期  +62.64%  夏普2.36  回撤5.5%  胜率66%  盈亏比4.1  56笔
  S6-R2-C7   全周期  +44.75%  夏普1.87  回撤5.1%  胜率65%  盈亏比2.9  52笔
  S4-R2-C7   全周期  +41.24%  夏普1.78  回撤5.0%  胜率65%  盈亏比3.1  51笔

====================================================================================================
  R1 单持 + V7.2 仓位 · Top 5 (全周期盈亏比)
====================================================================================================
  S3-R1-C6   全周期  +38.93%  夏普1.53  回撤7.1%  胜率65%  盈亏比4.3  31笔
  S4-R1-C5   全周期  +58.78%  夏普2.02  回撤6.8%  胜率63%  盈亏比4.1  35笔
  S3-R1-C5   全周期  +64.31%  夏普2.16  回撤5.7%  胜率60%  盈亏比3.8  35笔
  S2-R1-C7   全周期  +49.57%  夏普1.84  回撤5.7%  胜率65%  盈亏比3.3  31笔
  S5-R1-C5   全周期  +56.15%  夏普1.99  回撤6.8%  胜率62%  盈亏比3.3  34笔
