[2026-06-15 23:52:40] R2 信号生成开始
======================================================================
  R2 实时信号生成器
  策略: R2稳定 S5-R2-C7  (S=5/R=2/C=7)
  时间: 2026-06-15 23:52:40
======================================================================
  生成 R2 信号 (R2稳定 S5-R2-C7) for 2026-06-15
  Top R2 选品: ['SH000698', 'SZ399019']
  V7.2 仓位: 100.0% (10成)
  信号已写入: /home/user/projects/quant_ai_web/data/r2_signal_s5_r2_c7.json

  ✅ 信号生成成功
     trade_date: 2026-06-15
     仓位: 10成
     R2 选品: 2 只
       - SH588030 科创100 (50.0%)
       - SZ159573 创业板指 (50.0%)
[2026-06-15 23:52:41] R2 信号生成完成

[2026-06-15 23:52:41] ✅ 信号文件存在
[2026-06-15 23:52:41] 📊 trade_date=2026-06-15 仓位=10成 选品=SH588030,SZ159573
[2026-06-16 10:20:10] R2 信号生成开始
======================================================================
  R2 实时信号生成器
  策略: R2稳定 S5-R2-C7  (S=5/R=2/C=7)
  时间: 2026-06-16 10:20:10
======================================================================
  生成 R2 信号 (R2稳定 S5-R2-C7) for 2026-06-16
  Top R2 选品: ['SH000698', 'SZ399019']
  V7.2 仓位: 100.0% (10成)
  信号已写入: /home/user/projects/quant_ai_web/data/r2_signal_s5_r2_c7.json

  ✅ 信号生成成功
     trade_date: 2026-06-16
     仓位: 10成
     R2 选品: 2 只
       - SH588030 科创100 (50.0%)
       - SZ159573 创业板指 (50.0%)
[2026-06-16 10:20:10] R2 信号生成完成

[2026-06-16 10:20:10] ✅ 信号文件存在
[2026-06-16 10:20:11] 📊 trade_date=2026-06-16 仓位=10成 选品=SH588030,SZ159573
